Symlinking /home/brl/object_picker/devel/share/gennodejs/ros/brl_pxh_api/_index.js
Symlinking /home/brl/object_picker/devel/share/gennodejs/ros/brl_pxh_api/msg/JointRadResult.js
Symlinking /home/brl/object_picker/devel/share/gennodejs/ros/brl_pxh_api/msg/GripperPressureResult.js
Symlinking /home/brl/object_picker/devel/share/gennodejs/ros/brl_pxh_api/msg/ConstPoseResult.js
Symlinking /home/brl/object_picker/devel/share/gennodejs/ros/brl_pxh_api/msg/JointGroupRadsActionResult.js
Symlinking /home/brl/object_picker/devel/share/gennodejs/ros/brl_pxh_api/msg/ConstPoseActionResult.js
Symlinking /home/brl/object_picker/devel/share/gennodejs/ros/brl_pxh_api/msg/GripperPressureActionGoal.js
Symlinking /home/brl/object_picker/devel/share/gennodejs/ros/brl_pxh_api/msg/GripperMotionFeedback.js
Symlinking /home/brl/object_picker/devel/share/gennodejs/ros/brl_pxh_api/msg/CartTrajActionResult.js
Symlinking /home/brl/object_picker/devel/share/gennodejs/ros/brl_pxh_api/msg/EePoseCompActionResult.js
Symlinking /home/brl/object_picker/devel/share/gennodejs/ros/brl_pxh_api/msg/GripperPressureActionResult.js
Symlinking /home/brl/object_picker/devel/share/gennodejs/ros/brl_pxh_api/msg/EePoseCompActionGoal.js
Symlinking /home/brl/object_picker/devel/share/gennodejs/ros/brl_pxh_api/msg/JointGroupRadsActionFeedback.js
Symlinking /home/brl/object_picker/devel/share/gennodejs/ros/brl_pxh_api/msg/ConstPoseActionFeedback.js
Symlinking /home/brl/object_picker/devel/share/gennodejs/ros/brl_pxh_api/msg/GripperMotionActionFeedback.js
Symlinking /home/brl/object_picker/devel/share/gennodejs/ros/brl_pxh_api/msg/EePoseCompAction.js
Symlinking /home/brl/object_picker/devel/share/gennodejs/ros/brl_pxh_api/msg/GripperPressureAction.js
Symlinking /home/brl/object_picker/devel/share/gennodejs/ros/brl_pxh_api/msg/_index.js
Symlinking /home/brl/object_picker/devel/share/gennodejs/ros/brl_pxh_api/msg/JointGroupRadsGoal.js
Symlinking /home/brl/object_picker/devel/share/gennodejs/ros/brl_pxh_api/msg/JointRadActionResult.js
Symlinking /home/brl/object_picker/devel/share/gennodejs/ros/brl_pxh_api/msg/JointGroupRadsAction.js
Symlinking /home/brl/object_picker/devel/share/gennodejs/ros/brl_pxh_api/msg/JointRadAction.js
Symlinking /home/brl/object_picker/devel/share/gennodejs/ros/brl_pxh_api/msg/GripperPressureFeedback.js
Symlinking /home/brl/object_picker/devel/share/gennodejs/ros/brl_pxh_api/msg/EePoseCompFeedback.js
Symlinking /home/brl/object_picker/devel/share/gennodejs/ros/brl_pxh_api/msg/CartTrajGoal.js
Symlinking /home/brl/object_picker/devel/share/gennodejs/ros/brl_pxh_api/msg/ConstPoseActionGoal.js
Symlinking /home/brl/object_picker/devel/share/gennodejs/ros/brl_pxh_api/msg/CartTrajFeedback.js
Symlinking /home/brl/object_picker/devel/share/gennodejs/ros/brl_pxh_api/msg/JointGroupRadsResult.js
Symlinking /home/brl/object_picker/devel/share/gennodejs/ros/brl_pxh_api/msg/JointRadActionGoal.js
Symlinking /home/brl/object_picker/devel/share/gennodejs/ros/brl_pxh_api/msg/JointGroupRadsFeedback.js
Symlinking /home/brl/object_picker/devel/share/gennodejs/ros/brl_pxh_api/msg/GripperMotionAction.js
Symlinking /home/brl/object_picker/devel/share/gennodejs/ros/brl_pxh_api/msg/EePoseCompResult.js
Symlinking /home/brl/object_picker/devel/share/gennodejs/ros/brl_pxh_api/msg/ConstPoseFeedback.js
Symlinking /home/brl/object_picker/devel/share/gennodejs/ros/brl_pxh_api/msg/JointGroupRadsActionGoal.js
Symlinking /home/brl/object_picker/devel/share/gennodejs/ros/brl_pxh_api/msg/GripperMotionGoal.js
Symlinking /home/brl/object_picker/devel/share/gennodejs/ros/brl_pxh_api/msg/JointRadActionFeedback.js
Symlinking /home/brl/object_picker/devel/share/gennodejs/ros/brl_pxh_api/msg/CartTrajResult.js
Symlinking /home/brl/object_picker/devel/share/gennodejs/ros/brl_pxh_api/msg/GripperPressureActionFeedback.js
Symlinking /home/brl/object_picker/devel/share/gennodejs/ros/brl_pxh_api/msg/GripperMotionActionResult.js
Symlinking /home/brl/object_picker/devel/share/gennodejs/ros/brl_pxh_api/msg/GripperPressureGoal.js
Symlinking /home/brl/object_picker/devel/share/gennodejs/ros/brl_pxh_api/msg/EePoseCompActionFeedback.js
Symlinking /home/brl/object_picker/devel/share/gennodejs/ros/brl_pxh_api/msg/CartTrajActionGoal.js
Symlinking /home/brl/object_picker/devel/share/gennodejs/ros/brl_pxh_api/msg/CartTrajActionFeedback.js
Symlinking /home/brl/object_picker/devel/share/gennodejs/ros/brl_pxh_api/msg/ConstPoseAction.js
Symlinking /home/brl/object_picker/devel/share/gennodejs/ros/brl_pxh_api/msg/CartTrajAction.js
Symlinking /home/brl/object_picker/devel/share/gennodejs/ros/brl_pxh_api/msg/GripperMotionActionGoal.js
Symlinking /home/brl/object_picker/devel/share/gennodejs/ros/brl_pxh_api/msg/GripperMotionResult.js
Symlinking /home/brl/object_picker/devel/share/gennodejs/ros/brl_pxh_api/msg/EePoseCompGoal.js
Symlinking /home/brl/object_picker/devel/share/gennodejs/ros/brl_pxh_api/msg/JointRadFeedback.js
Symlinking /home/brl/object_picker/devel/share/gennodejs/ros/brl_pxh_api/msg/JointRadGoal.js
Symlinking /home/brl/object_picker/devel/share/gennodejs/ros/brl_pxh_api/msg/ConstPoseGoal.js
Symlinking /home/brl/object_picker/devel/share/roseus/ros/brl_pxh_api/manifest.l
Symlinking /home/brl/object_picker/devel/share/roseus/ros/brl_pxh_api/msg/JointGroupRadsGoal.l
Symlinking /home/brl/object_picker/devel/share/roseus/ros/brl_pxh_api/msg/JointRadActionFeedback.l
Symlinking /home/brl/object_picker/devel/share/roseus/ros/brl_pxh_api/msg/GripperPressureResult.l
Symlinking /home/brl/object_picker/devel/share/roseus/ros/brl_pxh_api/msg/CartTrajActionGoal.l
Symlinking /home/brl/object_picker/devel/share/roseus/ros/brl_pxh_api/msg/JointRadGoal.l
Symlinking /home/brl/object_picker/devel/share/roseus/ros/brl_pxh_api/msg/JointRadResult.l
Symlinking /home/brl/object_picker/devel/share/roseus/ros/brl_pxh_api/msg/CartTrajResult.l
Symlinking /home/brl/object_picker/devel/share/roseus/ros/brl_pxh_api/msg/GripperMotionAction.l
Symlinking /home/brl/object_picker/devel/share/roseus/ros/brl_pxh_api/msg/ConstPoseAction.l
Symlinking /home/brl/object_picker/devel/share/roseus/ros/brl_pxh_api/msg/EePoseCompAction.l
Symlinking /home/brl/object_picker/devel/share/roseus/ros/brl_pxh_api/msg/ConstPoseGoal.l
Symlinking /home/brl/object_picker/devel/share/roseus/ros/brl_pxh_api/msg/GripperMotionActionFeedback.l
Symlinking /home/brl/object_picker/devel/share/roseus/ros/brl_pxh_api/msg/GripperPressureActionGoal.l
Symlinking /home/brl/object_picker/devel/share/roseus/ros/brl_pxh_api/msg/JointGroupRadsResult.l
Symlinking /home/brl/object_picker/devel/share/roseus/ros/brl_pxh_api/msg/CartTrajActionFeedback.l
Symlinking /home/brl/object_picker/devel/share/roseus/ros/brl_pxh_api/msg/ConstPoseActionGoal.l
Symlinking /home/brl/object_picker/devel/share/roseus/ros/brl_pxh_api/msg/GripperMotionActionGoal.l
Symlinking /home/brl/object_picker/devel/share/roseus/ros/brl_pxh_api/msg/JointRadAction.l
Symlinking /home/brl/object_picker/devel/share/roseus/ros/brl_pxh_api/msg/JointRadFeedback.l
Symlinking /home/brl/object_picker/devel/share/roseus/ros/brl_pxh_api/msg/JointGroupRadsAction.l
Symlinking /home/brl/object_picker/devel/share/roseus/ros/brl_pxh_api/msg/ConstPoseFeedback.l
Symlinking /home/brl/object_picker/devel/share/roseus/ros/brl_pxh_api/msg/GripperMotionGoal.l
Symlinking /home/brl/object_picker/devel/share/roseus/ros/brl_pxh_api/msg/JointGroupRadsActionFeedback.l
Symlinking /home/brl/object_picker/devel/share/roseus/ros/brl_pxh_api/msg/GripperPressureActionFeedback.l
Symlinking /home/brl/object_picker/devel/share/roseus/ros/brl_pxh_api/msg/EePoseCompFeedback.l
Symlinking /home/brl/object_picker/devel/share/roseus/ros/brl_pxh_api/msg/ConstPoseActionResult.l
Symlinking /home/brl/object_picker/devel/share/roseus/ros/brl_pxh_api/msg/CartTrajFeedback.l
Symlinking /home/brl/object_picker/devel/share/roseus/ros/brl_pxh_api/msg/JointRadActionResult.l
Symlinking /home/brl/object_picker/devel/share/roseus/ros/brl_pxh_api/msg/CartTrajAction.l
Symlinking /home/brl/object_picker/devel/share/roseus/ros/brl_pxh_api/msg/ConstPoseActionFeedback.l
Symlinking /home/brl/object_picker/devel/share/roseus/ros/brl_pxh_api/msg/GripperPressureActionResult.l
Symlinking /home/brl/object_picker/devel/share/roseus/ros/brl_pxh_api/msg/GripperMotionActionResult.l
Symlinking /home/brl/object_picker/devel/share/roseus/ros/brl_pxh_api/msg/CartTrajGoal.l
Symlinking /home/brl/object_picker/devel/share/roseus/ros/brl_pxh_api/msg/EePoseCompActionFeedback.l
Symlinking /home/brl/object_picker/devel/share/roseus/ros/brl_pxh_api/msg/GripperMotionResult.l
Symlinking /home/brl/object_picker/devel/share/roseus/ros/brl_pxh_api/msg/GripperPressureAction.l
Symlinking /home/brl/object_picker/devel/share/roseus/ros/brl_pxh_api/msg/ConstPoseResult.l
Symlinking /home/brl/object_picker/devel/share/roseus/ros/brl_pxh_api/msg/EePoseCompResult.l
Symlinking /home/brl/object_picker/devel/share/roseus/ros/brl_pxh_api/msg/EePoseCompActionGoal.l
Symlinking /home/brl/object_picker/devel/share/roseus/ros/brl_pxh_api/msg/JointGroupRadsActionResult.l
Symlinking /home/brl/object_picker/devel/share/roseus/ros/brl_pxh_api/msg/GripperMotionFeedback.l
Symlinking /home/brl/object_picker/devel/share/roseus/ros/brl_pxh_api/msg/CartTrajActionResult.l
Symlinking /home/brl/object_picker/devel/share/roseus/ros/brl_pxh_api/msg/JointGroupRadsActionGoal.l
Symlinking /home/brl/object_picker/devel/share/roseus/ros/brl_pxh_api/msg/JointGroupRadsFeedback.l
Symlinking /home/brl/object_picker/devel/share/roseus/ros/brl_pxh_api/msg/GripperPressureFeedback.l
Symlinking /home/brl/object_picker/devel/share/roseus/ros/brl_pxh_api/msg/JointRadActionGoal.l
Symlinking /home/brl/object_picker/devel/share/roseus/ros/brl_pxh_api/msg/EePoseCompGoal.l
Symlinking /home/brl/object_picker/devel/share/roseus/ros/brl_pxh_api/msg/GripperPressureGoal.l
Symlinking /home/brl/object_picker/devel/share/roseus/ros/brl_pxh_api/msg/EePoseCompActionResult.l
Symlinking /home/brl/object_picker/devel/share/common-lisp/ros/brl_pxh_api/msg/JointGroupRadsActionGoal.lisp
Symlinking /home/brl/object_picker/devel/share/common-lisp/ros/brl_pxh_api/msg/CartTrajResult.lisp
Symlinking /home/brl/object_picker/devel/share/common-lisp/ros/brl_pxh_api/msg/EePoseCompActionFeedback.lisp
Symlinking /home/brl/object_picker/devel/share/common-lisp/ros/brl_pxh_api/msg/ConstPoseGoal.lisp
Symlinking /home/brl/object_picker/devel/share/common-lisp/ros/brl_pxh_api/msg/GripperPressureAction.lisp
Symlinking /home/brl/object_picker/devel/share/common-lisp/ros/brl_pxh_api/msg/JointGroupRadsGoal.lisp
Symlinking /home/brl/object_picker/devel/share/common-lisp/ros/brl_pxh_api/msg/_package_ConstPoseAction.lisp
Symlinking /home/brl/object_picker/devel/share/common-lisp/ros/brl_pxh_api/msg/_package_ConstPoseResult.lisp
Symlinking /home/brl/object_picker/devel/share/common-lisp/ros/brl_pxh_api/msg/_package_CartTrajActionResult.lisp
Symlinking /home/brl/object_picker/devel/share/common-lisp/ros/brl_pxh_api/msg/CartTrajGoal.lisp
Symlinking /home/brl/object_picker/devel/share/common-lisp/ros/brl_pxh_api/msg/EePoseCompActionResult.lisp
Symlinking /home/brl/object_picker/devel/share/common-lisp/ros/brl_pxh_api/msg/_package_ConstPoseFeedback.lisp
Symlinking /home/brl/object_picker/devel/share/common-lisp/ros/brl_pxh_api/msg/_package_CartTrajFeedback.lisp
Symlinking /home/brl/object_picker/devel/share/common-lisp/ros/brl_pxh_api/msg/EePoseCompResult.lisp
Symlinking /home/brl/object_picker/devel/share/common-lisp/ros/brl_pxh_api/msg/CartTrajActionFeedback.lisp
Symlinking /home/brl/object_picker/devel/share/common-lisp/ros/brl_pxh_api/msg/EePoseCompActionGoal.lisp
Symlinking /home/brl/object_picker/devel/share/common-lisp/ros/brl_pxh_api/msg/JointRadActionResult.lisp
Symlinking /home/brl/object_picker/devel/share/common-lisp/ros/brl_pxh_api/msg/ConstPoseActionFeedback.lisp
Symlinking /home/brl/object_picker/devel/share/common-lisp/ros/brl_pxh_api/msg/JointRadActionGoal.lisp
Symlinking /home/brl/object_picker/devel/share/common-lisp/ros/brl_pxh_api/msg/ConstPoseAction.lisp
Symlinking /home/brl/object_picker/devel/share/common-lisp/ros/brl_pxh_api/msg/_package_JointGroupRadsAction.lisp
Symlinking /home/brl/object_picker/devel/share/common-lisp/ros/brl_pxh_api/msg/_package_GripperPressureActionResult.lisp
Symlinking /home/brl/object_picker/devel/share/common-lisp/ros/brl_pxh_api/msg/_package_CartTrajActionGoal.lisp
Symlinking /home/brl/object_picker/devel/share/common-lisp/ros/brl_pxh_api/msg/_package_GripperPressureActionGoal.lisp
Symlinking /home/brl/object_picker/devel/share/common-lisp/ros/brl_pxh_api/msg/GripperPressureGoal.lisp
Symlinking /home/brl/object_picker/devel/share/common-lisp/ros/brl_pxh_api/msg/JointGroupRadsFeedback.lisp
Symlinking /home/brl/object_picker/devel/share/common-lisp/ros/brl_pxh_api/msg/GripperPressureActionFeedback.lisp
Symlinking /home/brl/object_picker/devel/share/common-lisp/ros/brl_pxh_api/msg/_package_EePoseCompActionResult.lisp
Symlinking /home/brl/object_picker/devel/share/common-lisp/ros/brl_pxh_api/msg/_package_JointGroupRadsActionResult.lisp
Symlinking /home/brl/object_picker/devel/share/common-lisp/ros/brl_pxh_api/msg/_package_GripperPressureGoal.lisp
Symlinking /home/brl/object_picker/devel/share/common-lisp/ros/brl_pxh_api/msg/_package_JointGroupRadsFeedback.lisp
Symlinking /home/brl/object_picker/devel/share/common-lisp/ros/brl_pxh_api/msg/EePoseCompGoal.lisp
Symlinking /home/brl/object_picker/devel/share/common-lisp/ros/brl_pxh_api/msg/JointGroupRadsActionFeedback.lisp
Symlinking /home/brl/object_picker/devel/share/common-lisp/ros/brl_pxh_api/msg/_package_GripperMotionFeedback.lisp
Symlinking /home/brl/object_picker/devel/share/common-lisp/ros/brl_pxh_api/msg/GripperMotionResult.lisp
Symlinking /home/brl/object_picker/devel/share/common-lisp/ros/brl_pxh_api/msg/ConstPoseResult.lisp
Symlinking /home/brl/object_picker/devel/share/common-lisp/ros/brl_pxh_api/msg/_package_JointGroupRadsActionGoal.lisp
Symlinking /home/brl/object_picker/devel/share/common-lisp/ros/brl_pxh_api/msg/JointGroupRadsResult.lisp
Symlinking /home/brl/object_picker/devel/share/common-lisp/ros/brl_pxh_api/msg/EePoseCompAction.lisp
Symlinking /home/brl/object_picker/devel/share/common-lisp/ros/brl_pxh_api/msg/CartTrajAction.lisp
Symlinking /home/brl/object_picker/devel/share/common-lisp/ros/brl_pxh_api/msg/_package_GripperPressureResult.lisp
Symlinking /home/brl/object_picker/devel/share/common-lisp/ros/brl_pxh_api/msg/_package_JointGroupRadsGoal.lisp
Symlinking /home/brl/object_picker/devel/share/common-lisp/ros/brl_pxh_api/msg/_package_GripperPressureActionFeedback.lisp
Symlinking /home/brl/object_picker/devel/share/common-lisp/ros/brl_pxh_api/msg/GripperMotionFeedback.lisp
Symlinking /home/brl/object_picker/devel/share/common-lisp/ros/brl_pxh_api/msg/_package_EePoseCompResult.lisp
Symlinking /home/brl/object_picker/devel/share/common-lisp/ros/brl_pxh_api/msg/_package_JointRadGoal.lisp
Symlinking /home/brl/object_picker/devel/share/common-lisp/ros/brl_pxh_api/msg/JointRadGoal.lisp
Symlinking /home/brl/object_picker/devel/share/common-lisp/ros/brl_pxh_api/msg/GripperMotionAction.lisp
Symlinking /home/brl/object_picker/devel/share/common-lisp/ros/brl_pxh_api/msg/_package_EePoseCompGoal.lisp
Symlinking /home/brl/object_picker/devel/share/common-lisp/ros/brl_pxh_api/msg/_package_CartTrajAction.lisp
Symlinking /home/brl/object_picker/devel/share/common-lisp/ros/brl_pxh_api/msg/GripperMotionActionResult.lisp
Symlinking /home/brl/object_picker/devel/share/common-lisp/ros/brl_pxh_api/msg/GripperPressureActionResult.lisp
Symlinking /home/brl/object_picker/devel/share/common-lisp/ros/brl_pxh_api/msg/_package_GripperMotionGoal.lisp
Symlinking /home/brl/object_picker/devel/share/common-lisp/ros/brl_pxh_api/msg/ConstPoseActionGoal.lisp
Symlinking /home/brl/object_picker/devel/share/common-lisp/ros/brl_pxh_api/msg/GripperPressureResult.lisp
Symlinking /home/brl/object_picker/devel/share/common-lisp/ros/brl_pxh_api/msg/JointRadFeedback.lisp
Symlinking /home/brl/object_picker/devel/share/common-lisp/ros/brl_pxh_api/msg/GripperMotionActionGoal.lisp
Symlinking /home/brl/object_picker/devel/share/common-lisp/ros/brl_pxh_api/msg/GripperMotionGoal.lisp
Symlinking /home/brl/object_picker/devel/share/common-lisp/ros/brl_pxh_api/msg/_package_CartTrajGoal.lisp
Symlinking /home/brl/object_picker/devel/share/common-lisp/ros/brl_pxh_api/msg/_package_EePoseCompFeedback.lisp
Symlinking /home/brl/object_picker/devel/share/common-lisp/ros/brl_pxh_api/msg/GripperPressureActionGoal.lisp
Symlinking /home/brl/object_picker/devel/share/common-lisp/ros/brl_pxh_api/msg/_package_ConstPoseGoal.lisp
Symlinking /home/brl/object_picker/devel/share/common-lisp/ros/brl_pxh_api/msg/_package_CartTrajResult.lisp
Symlinking /home/brl/object_picker/devel/share/common-lisp/ros/brl_pxh_api/msg/JointRadResult.lisp
Symlinking /home/brl/object_picker/devel/share/common-lisp/ros/brl_pxh_api/msg/_package_EePoseCompActionFeedback.lisp
Symlinking /home/brl/object_picker/devel/share/common-lisp/ros/brl_pxh_api/msg/_package_EePoseCompAction.lisp
Symlinking /home/brl/object_picker/devel/share/common-lisp/ros/brl_pxh_api/msg/_package_JointRadActionResult.lisp
Symlinking /home/brl/object_picker/devel/share/common-lisp/ros/brl_pxh_api/msg/_package.lisp
Symlinking /home/brl/object_picker/devel/share/common-lisp/ros/brl_pxh_api/msg/CartTrajActionGoal.lisp
Symlinking /home/brl/object_picker/devel/share/common-lisp/ros/brl_pxh_api/msg/_package_GripperMotionResult.lisp
Symlinking /home/brl/object_picker/devel/share/common-lisp/ros/brl_pxh_api/msg/JointGroupRadsAction.lisp
Symlinking /home/brl/object_picker/devel/share/common-lisp/ros/brl_pxh_api/msg/EePoseCompFeedback.lisp
Symlinking /home/brl/object_picker/devel/share/common-lisp/ros/brl_pxh_api/msg/CartTrajFeedback.lisp
Symlinking /home/brl/object_picker/devel/share/common-lisp/ros/brl_pxh_api/msg/JointGroupRadsActionResult.lisp
Symlinking /home/brl/object_picker/devel/share/common-lisp/ros/brl_pxh_api/msg/_package_GripperMotionActionFeedback.lisp
Symlinking /home/brl/object_picker/devel/share/common-lisp/ros/brl_pxh_api/msg/_package_JointRadActionGoal.lisp
Symlinking /home/brl/object_picker/devel/share/common-lisp/ros/brl_pxh_api/msg/_package_GripperMotionActionGoal.lisp
Symlinking /home/brl/object_picker/devel/share/common-lisp/ros/brl_pxh_api/msg/brl_pxh_api-msg.asd
Symlinking /home/brl/object_picker/devel/share/common-lisp/ros/brl_pxh_api/msg/_package_GripperMotionActionResult.lisp
Symlinking /home/brl/object_picker/devel/share/common-lisp/ros/brl_pxh_api/msg/_package_JointGroupRadsActionFeedback.lisp
Symlinking /home/brl/object_picker/devel/share/common-lisp/ros/brl_pxh_api/msg/CartTrajActionResult.lisp
Symlinking /home/brl/object_picker/devel/share/common-lisp/ros/brl_pxh_api/msg/ConstPoseActionResult.lisp
Symlinking /home/brl/object_picker/devel/share/common-lisp/ros/brl_pxh_api/msg/GripperMotionActionFeedback.lisp
Symlinking /home/brl/object_picker/devel/share/common-lisp/ros/brl_pxh_api/msg/_package_ConstPoseActionResult.lisp
Symlinking /home/brl/object_picker/devel/share/common-lisp/ros/brl_pxh_api/msg/_package_JointGroupRadsResult.lisp
Symlinking /home/brl/object_picker/devel/share/common-lisp/ros/brl_pxh_api/msg/JointRadActionFeedback.lisp
Symlinking /home/brl/object_picker/devel/share/common-lisp/ros/brl_pxh_api/msg/_package_GripperPressureAction.lisp
Symlinking /home/brl/object_picker/devel/share/common-lisp/ros/brl_pxh_api/msg/_package_ConstPoseActionGoal.lisp
Symlinking /home/brl/object_picker/devel/share/common-lisp/ros/brl_pxh_api/msg/_package_JointRadResult.lisp
Symlinking /home/brl/object_picker/devel/share/common-lisp/ros/brl_pxh_api/msg/GripperPressureFeedback.lisp
Symlinking /home/brl/object_picker/devel/share/common-lisp/ros/brl_pxh_api/msg/_package_GripperMotionAction.lisp
Symlinking /home/brl/object_picker/devel/share/common-lisp/ros/brl_pxh_api/msg/JointRadAction.lisp
Symlinking /home/brl/object_picker/devel/share/common-lisp/ros/brl_pxh_api/msg/_package_GripperPressureFeedback.lisp
Symlinking /home/brl/object_picker/devel/share/common-lisp/ros/brl_pxh_api/msg/_package_JointRadActionFeedback.lisp
Symlinking /home/brl/object_picker/devel/share/common-lisp/ros/brl_pxh_api/msg/_package_JointRadFeedback.lisp
Symlinking /home/brl/object_picker/devel/share/common-lisp/ros/brl_pxh_api/msg/_package_EePoseCompActionGoal.lisp
Symlinking /home/brl/object_picker/devel/share/common-lisp/ros/brl_pxh_api/msg/_package_CartTrajActionFeedback.lisp
Symlinking /home/brl/object_picker/devel/share/common-lisp/ros/brl_pxh_api/msg/_package_ConstPoseActionFeedback.lisp
Symlinking /home/brl/object_picker/devel/share/common-lisp/ros/brl_pxh_api/msg/ConstPoseFeedback.lisp
Symlinking /home/brl/object_picker/devel/share/common-lisp/ros/brl_pxh_api/msg/_package_JointRadAction.lisp
Symlinking /home/brl/object_picker/devel/share/brl_pxh_api/cmake/brl_pxh_api-msg-paths.cmake
Symlinking /home/brl/object_picker/devel/share/brl_pxh_api/cmake/brl_pxh_api-msg-extras.cmake
Symlinking /home/brl/object_picker/devel/share/brl_pxh_api/cmake/brl_pxh_apiConfig.cmake
Symlinking /home/brl/object_picker/devel/share/brl_pxh_api/cmake/brl_pxh_apiConfig-version.cmake
Symlinking /home/brl/object_picker/devel/share/brl_pxh_api/msg/JointRadActionResult.msg
Symlinking /home/brl/object_picker/devel/share/brl_pxh_api/msg/CartTrajActionGoal.msg
Symlinking /home/brl/object_picker/devel/share/brl_pxh_api/msg/JointGroupRadsResult.msg
Symlinking /home/brl/object_picker/devel/share/brl_pxh_api/msg/JointGroupRadsActionGoal.msg
Symlinking /home/brl/object_picker/devel/share/brl_pxh_api/msg/JointRadActionGoal.msg
Symlinking /home/brl/object_picker/devel/share/brl_pxh_api/msg/JointGroupRadsActionFeedback.msg
Symlinking /home/brl/object_picker/devel/share/brl_pxh_api/msg/JointRadActionFeedback.msg
Symlinking /home/brl/object_picker/devel/share/brl_pxh_api/msg/GripperPressureGoal.msg
Symlinking /home/brl/object_picker/devel/share/brl_pxh_api/msg/GripperMotionAction.msg
Symlinking /home/brl/object_picker/devel/share/brl_pxh_api/msg/GripperMotionActionResult.msg
Symlinking /home/brl/object_picker/devel/share/brl_pxh_api/msg/ConstPoseResult.msg
Symlinking /home/brl/object_picker/devel/share/brl_pxh_api/msg/ConstPoseGoal.msg
Symlinking /home/brl/object_picker/devel/share/brl_pxh_api/msg/GripperMotionGoal.msg
Symlinking /home/brl/object_picker/devel/share/brl_pxh_api/msg/GripperPressureActionFeedback.msg
Symlinking /home/brl/object_picker/devel/share/brl_pxh_api/msg/JointRadGoal.msg
Symlinking /home/brl/object_picker/devel/share/brl_pxh_api/msg/JointRadFeedback.msg
Symlinking /home/brl/object_picker/devel/share/brl_pxh_api/msg/EePoseCompFeedback.msg
Symlinking /home/brl/object_picker/devel/share/brl_pxh_api/msg/GripperMotionActionFeedback.msg
Symlinking /home/brl/object_picker/devel/share/brl_pxh_api/msg/JointGroupRadsFeedback.msg
Symlinking /home/brl/object_picker/devel/share/brl_pxh_api/msg/ConstPoseActionResult.msg
Symlinking /home/brl/object_picker/devel/share/brl_pxh_api/msg/JointRadAction.msg
Symlinking /home/brl/object_picker/devel/share/brl_pxh_api/msg/ConstPoseActionFeedback.msg
Symlinking /home/brl/object_picker/devel/share/brl_pxh_api/msg/EePoseCompResult.msg
Symlinking /home/brl/object_picker/devel/share/brl_pxh_api/msg/CartTrajGoal.msg
Symlinking /home/brl/object_picker/devel/share/brl_pxh_api/msg/EePoseCompActionFeedback.msg
Symlinking /home/brl/object_picker/devel/share/brl_pxh_api/msg/EePoseCompGoal.msg
Symlinking /home/brl/object_picker/devel/share/brl_pxh_api/msg/JointGroupRadsAction.msg
Symlinking /home/brl/object_picker/devel/share/brl_pxh_api/msg/ConstPoseAction.msg
Symlinking /home/brl/object_picker/devel/share/brl_pxh_api/msg/GripperPressureAction.msg
Symlinking /home/brl/object_picker/devel/share/brl_pxh_api/msg/CartTrajResult.msg
Symlinking /home/brl/object_picker/devel/share/brl_pxh_api/msg/GripperPressureActionResult.msg
Symlinking /home/brl/object_picker/devel/share/brl_pxh_api/msg/ConstPoseFeedback.msg
Symlinking /home/brl/object_picker/devel/share/brl_pxh_api/msg/JointGroupRadsGoal.msg
Symlinking /home/brl/object_picker/devel/share/brl_pxh_api/msg/CartTrajActionResult.msg
Symlinking /home/brl/object_picker/devel/share/brl_pxh_api/msg/JointRadResult.msg
Symlinking /home/brl/object_picker/devel/share/brl_pxh_api/msg/CartTrajAction.msg
Symlinking /home/brl/object_picker/devel/share/brl_pxh_api/msg/CartTrajActionFeedback.msg
Symlinking /home/brl/object_picker/devel/share/brl_pxh_api/msg/GripperPressureResult.msg
Symlinking /home/brl/object_picker/devel/share/brl_pxh_api/msg/EePoseCompActionGoal.msg
Symlinking /home/brl/object_picker/devel/share/brl_pxh_api/msg/GripperMotionResult.msg
Symlinking /home/brl/object_picker/devel/share/brl_pxh_api/msg/GripperMotionFeedback.msg
Symlinking /home/brl/object_picker/devel/share/brl_pxh_api/msg/ConstPoseActionGoal.msg
Symlinking /home/brl/object_picker/devel/share/brl_pxh_api/msg/GripperPressureActionGoal.msg
Symlinking /home/brl/object_picker/devel/share/brl_pxh_api/msg/GripperPressureFeedback.msg
Symlinking /home/brl/object_picker/devel/share/brl_pxh_api/msg/GripperMotionActionGoal.msg
Symlinking /home/brl/object_picker/devel/share/brl_pxh_api/msg/JointGroupRadsActionResult.msg
Symlinking /home/brl/object_picker/devel/share/brl_pxh_api/msg/CartTrajFeedback.msg
Symlinking /home/brl/object_picker/devel/share/brl_pxh_api/msg/EePoseCompActionResult.msg
Symlinking /home/brl/object_picker/devel/share/brl_pxh_api/msg/EePoseCompAction.msg
Symlinking /home/brl/object_picker/devel/lib/python3/dist-packages/brl_pxh_api/__init__.py
Symlinking /home/brl/object_picker/devel/lib/python3/dist-packages/brl_pxh_api/msg/_GripperPressureActionResult.py
Symlinking /home/brl/object_picker/devel/lib/python3/dist-packages/brl_pxh_api/msg/_ConstPoseResult.py
Symlinking /home/brl/object_picker/devel/lib/python3/dist-packages/brl_pxh_api/msg/_JointGroupRadsActionGoal.py
Symlinking /home/brl/object_picker/devel/lib/python3/dist-packages/brl_pxh_api/msg/_GripperMotionGoal.py
Symlinking /home/brl/object_picker/devel/lib/python3/dist-packages/brl_pxh_api/msg/_JointGroupRadsActionResult.py
Symlinking /home/brl/object_picker/devel/lib/python3/dist-packages/brl_pxh_api/msg/_JointGroupRadsGoal.py
Symlinking /home/brl/object_picker/devel/lib/python3/dist-packages/brl_pxh_api/msg/_JointRadAction.py
Symlinking /home/brl/object_picker/devel/lib/python3/dist-packages/brl_pxh_api/msg/_JointRadActionResult.py
Symlinking /home/brl/object_picker/devel/lib/python3/dist-packages/brl_pxh_api/msg/_ConstPoseActionFeedback.py
Symlinking /home/brl/object_picker/devel/lib/python3/dist-packages/brl_pxh_api/msg/_GripperMotionAction.py
Symlinking /home/brl/object_picker/devel/lib/python3/dist-packages/brl_pxh_api/msg/_GripperPressureAction.py
Symlinking /home/brl/object_picker/devel/lib/python3/dist-packages/brl_pxh_api/msg/_ConstPoseActionResult.py
Symlinking /home/brl/object_picker/devel/lib/python3/dist-packages/brl_pxh_api/msg/_ConstPoseAction.py
Symlinking /home/brl/object_picker/devel/lib/python3/dist-packages/brl_pxh_api/msg/_CartTrajActionFeedback.py
Symlinking /home/brl/object_picker/devel/lib/python3/dist-packages/brl_pxh_api/msg/_ConstPoseActionGoal.py
Symlinking /home/brl/object_picker/devel/lib/python3/dist-packages/brl_pxh_api/msg/_JointRadResult.py
Symlinking /home/brl/object_picker/devel/lib/python3/dist-packages/brl_pxh_api/msg/_CartTrajActionResult.py
Symlinking /home/brl/object_picker/devel/lib/python3/dist-packages/brl_pxh_api/msg/_CartTrajAction.py
Symlinking /home/brl/object_picker/devel/lib/python3/dist-packages/brl_pxh_api/msg/_JointRadActionFeedback.py
Symlinking /home/brl/object_picker/devel/lib/python3/dist-packages/brl_pxh_api/msg/_JointGroupRadsAction.py
Symlinking /home/brl/object_picker/devel/lib/python3/dist-packages/brl_pxh_api/msg/_JointGroupRadsActionFeedback.py
Symlinking /home/brl/object_picker/devel/lib/python3/dist-packages/brl_pxh_api/msg/_JointGroupRadsFeedback.py
Symlinking /home/brl/object_picker/devel/lib/python3/dist-packages/brl_pxh_api/msg/_JointGroupRadsResult.py
Symlinking /home/brl/object_picker/devel/lib/python3/dist-packages/brl_pxh_api/msg/_CartTrajFeedback.py
Symlinking /home/brl/object_picker/devel/lib/python3/dist-packages/brl_pxh_api/msg/_GripperPressureActionFeedback.py
Symlinking /home/brl/object_picker/devel/lib/python3/dist-packages/brl_pxh_api/msg/_GripperMotionActionResult.py
Symlinking /home/brl/object_picker/devel/lib/python3/dist-packages/brl_pxh_api/msg/_GripperMotionActionFeedback.py
Symlinking /home/brl/object_picker/devel/lib/python3/dist-packages/brl_pxh_api/msg/_EePoseCompActionGoal.py
Symlinking /home/brl/object_picker/devel/lib/python3/dist-packages/brl_pxh_api/msg/_EePoseCompAction.py
Symlinking /home/brl/object_picker/devel/lib/python3/dist-packages/brl_pxh_api/msg/_JointRadActionGoal.py
Symlinking /home/brl/object_picker/devel/lib/python3/dist-packages/brl_pxh_api/msg/_GripperMotionActionGoal.py
Symlinking /home/brl/object_picker/devel/lib/python3/dist-packages/brl_pxh_api/msg/_EePoseCompResult.py
Symlinking /home/brl/object_picker/devel/lib/python3/dist-packages/brl_pxh_api/msg/__init__.py
Symlinking /home/brl/object_picker/devel/lib/python3/dist-packages/brl_pxh_api/msg/_CartTrajGoal.py
Symlinking /home/brl/object_picker/devel/lib/python3/dist-packages/brl_pxh_api/msg/_CartTrajActionGoal.py
Symlinking /home/brl/object_picker/devel/lib/python3/dist-packages/brl_pxh_api/msg/_EePoseCompGoal.py
Symlinking /home/brl/object_picker/devel/lib/python3/dist-packages/brl_pxh_api/msg/_EePoseCompFeedback.py
Symlinking /home/brl/object_picker/devel/lib/python3/dist-packages/brl_pxh_api/msg/_JointRadGoal.py
Symlinking /home/brl/object_picker/devel/lib/python3/dist-packages/brl_pxh_api/msg/_CartTrajResult.py
Symlinking /home/brl/object_picker/devel/lib/python3/dist-packages/brl_pxh_api/msg/_GripperPressureFeedback.py
Symlinking /home/brl/object_picker/devel/lib/python3/dist-packages/brl_pxh_api/msg/_GripperPressureGoal.py
Symlinking /home/brl/object_picker/devel/lib/python3/dist-packages/brl_pxh_api/msg/_GripperMotionResult.py
Symlinking /home/brl/object_picker/devel/lib/python3/dist-packages/brl_pxh_api/msg/_EePoseCompActionFeedback.py
Symlinking /home/brl/object_picker/devel/lib/python3/dist-packages/brl_pxh_api/msg/_EePoseCompActionResult.py
Symlinking /home/brl/object_picker/devel/lib/python3/dist-packages/brl_pxh_api/msg/_GripperPressureResult.py
Symlinking /home/brl/object_picker/devel/lib/python3/dist-packages/brl_pxh_api/msg/_GripperPressureActionGoal.py
Symlinking /home/brl/object_picker/devel/lib/python3/dist-packages/brl_pxh_api/msg/_GripperMotionFeedback.py
Symlinking /home/brl/object_picker/devel/lib/python3/dist-packages/brl_pxh_api/msg/_ConstPoseGoal.py
Symlinking /home/brl/object_picker/devel/lib/python3/dist-packages/brl_pxh_api/msg/_ConstPoseFeedback.py
Symlinking /home/brl/object_picker/devel/lib/python3/dist-packages/brl_pxh_api/msg/_JointRadFeedback.py
Symlinking /home/brl/object_picker/devel/lib/pkgconfig/brl_pxh_api.pc
Symlinking /home/brl/object_picker/devel/include/brl_pxh_api/JointGroupRadsActionFeedback.h
Symlinking /home/brl/object_picker/devel/include/brl_pxh_api/GripperMotionActionResult.h
Symlinking /home/brl/object_picker/devel/include/brl_pxh_api/CartTrajActionGoal.h
Symlinking /home/brl/object_picker/devel/include/brl_pxh_api/EePoseCompActionGoal.h
Symlinking /home/brl/object_picker/devel/include/brl_pxh_api/EePoseCompResult.h
Symlinking /home/brl/object_picker/devel/include/brl_pxh_api/JointRadFeedback.h
Symlinking /home/brl/object_picker/devel/include/brl_pxh_api/GripperPressureResult.h
Symlinking /home/brl/object_picker/devel/include/brl_pxh_api/GripperMotionAction.h
Symlinking /home/brl/object_picker/devel/include/brl_pxh_api/JointGroupRadsActionResult.h
Symlinking /home/brl/object_picker/devel/include/brl_pxh_api/CartTrajActionFeedback.h
Symlinking /home/brl/object_picker/devel/include/brl_pxh_api/GripperMotionGoal.h
Symlinking /home/brl/object_picker/devel/include/brl_pxh_api/JointRadActionResult.h
Symlinking /home/brl/object_picker/devel/include/brl_pxh_api/GripperMotionActionGoal.h
Symlinking /home/brl/object_picker/devel/include/brl_pxh_api/JointGroupRadsAction.h
Symlinking /home/brl/object_picker/devel/include/brl_pxh_api/ConstPoseAction.h
Symlinking /home/brl/object_picker/devel/include/brl_pxh_api/JointGroupRadsResult.h
Symlinking /home/brl/object_picker/devel/include/brl_pxh_api/ConstPoseActionGoal.h
Symlinking /home/brl/object_picker/devel/include/brl_pxh_api/GripperMotionActionFeedback.h
Symlinking /home/brl/object_picker/devel/include/brl_pxh_api/GripperPressureActionFeedback.h
Symlinking /home/brl/object_picker/devel/include/brl_pxh_api/EePoseCompGoal.h
Symlinking /home/brl/object_picker/devel/include/brl_pxh_api/EePoseCompAction.h
Symlinking /home/brl/object_picker/devel/include/brl_pxh_api/CartTrajGoal.h
Symlinking /home/brl/object_picker/devel/include/brl_pxh_api/EePoseCompFeedback.h
Symlinking /home/brl/object_picker/devel/include/brl_pxh_api/GripperPressureActionResult.h
Symlinking /home/brl/object_picker/devel/include/brl_pxh_api/ConstPoseFeedback.h
Symlinking /home/brl/object_picker/devel/include/brl_pxh_api/GripperMotionResult.h
Symlinking /home/brl/object_picker/devel/include/brl_pxh_api/GripperPressureAction.h
Symlinking /home/brl/object_picker/devel/include/brl_pxh_api/CartTrajFeedback.h
Symlinking /home/brl/object_picker/devel/include/brl_pxh_api/GripperPressureGoal.h
Symlinking /home/brl/object_picker/devel/include/brl_pxh_api/JointGroupRadsActionGoal.h
Symlinking /home/brl/object_picker/devel/include/brl_pxh_api/EePoseCompActionResult.h
Symlinking /home/brl/object_picker/devel/include/brl_pxh_api/JointGroupRadsFeedback.h
Symlinking /home/brl/object_picker/devel/include/brl_pxh_api/JointGroupRadsGoal.h
Symlinking /home/brl/object_picker/devel/include/brl_pxh_api/ConstPoseResult.h
Symlinking /home/brl/object_picker/devel/include/brl_pxh_api/ConstPoseGoal.h
Symlinking /home/brl/object_picker/devel/include/brl_pxh_api/JointRadAction.h
Symlinking /home/brl/object_picker/devel/include/brl_pxh_api/CartTrajActionResult.h
Symlinking /home/brl/object_picker/devel/include/brl_pxh_api/GripperPressureActionGoal.h
Symlinking /home/brl/object_picker/devel/include/brl_pxh_api/EePoseCompActionFeedback.h
Symlinking /home/brl/object_picker/devel/include/brl_pxh_api/JointRadGoal.h
Symlinking /home/brl/object_picker/devel/include/brl_pxh_api/JointRadActionGoal.h
Symlinking /home/brl/object_picker/devel/include/brl_pxh_api/GripperPressureFeedback.h
Symlinking /home/brl/object_picker/devel/include/brl_pxh_api/GripperMotionFeedback.h
Symlinking /home/brl/object_picker/devel/include/brl_pxh_api/JointRadResult.h
Symlinking /home/brl/object_picker/devel/include/brl_pxh_api/ConstPoseActionResult.h
Symlinking /home/brl/object_picker/devel/include/brl_pxh_api/JointRadActionFeedback.h
Symlinking /home/brl/object_picker/devel/include/brl_pxh_api/CartTrajAction.h
Symlinking /home/brl/object_picker/devel/include/brl_pxh_api/CartTrajResult.h
Symlinking /home/brl/object_picker/devel/include/brl_pxh_api/ConstPoseActionFeedback.h
