Not searching for unused variables given on the command line.
[36m--[0m The C compiler identification is GNU 9.4.0
[36m--[0m The CXX compiler identification is GNU 9.4.0
[36m--[0m Check for working C compiler: /usr/bin/cc
[36m--[0m Check for working C compiler: /usr/bin/cc -- works
[36m--[0m Detecting C compiler ABI info
[36m--[0m Detecting C compiler ABI info - done
[36m--[0m Detecting C compile features
[36m--[0m Detecting C compile features - done
[36m--[0m Check for working CXX compiler: /usr/bin/c++
[36m--[0m Check for working CXX compiler: /usr/bin/c++ -- works
[36m--[0m Detecting CXX compiler ABI info
[36m--[0m Detecting CXX compiler ABI info - done
[36m--[0m Detecting CXX compile features
[36m--[0m Detecting CXX compile features - done
[36m--[0m Using CATKIN_DEVEL_PREFIX: /home/brl/object_picker/devel/.private/brl_pxh_api
[36m--[0m Using CMAKE_PREFIX_PATH: /home/brl/object_picker/devel;/home/brl/catkin_ws/devel;/home/brl/interbotix_ws/devel;/opt/ros/noetic
[36m--[0m This workspace overlays: /home/brl/object_picker/devel;/home/brl/catkin_ws/devel;/home/brl/interbotix_ws/devel;/opt/ros/noetic
[36m--[0m Found PythonInterp: /usr/bin/python3 (found suitable version "3.8.10", minimum required is "3")
[36m--[0m Using PYTHON_EXECUTABLE: /usr/bin/python3
[36m--[0m Using Debian Python package layout
[36m--[0m Found PY_em: /usr/lib/python3/dist-packages/em.py
[36m--[0m Using empy: /usr/lib/python3/dist-packages/em.py
[36m--[0m Using CATKIN_ENABLE_TESTING: ON
[36m--[0m Call enable_testing()
[36m--[0m Using CATKIN_TEST_RESULTS_DIR: /home/brl/object_picker/build/brl_pxh_api/test_results
[36m--[0m Forcing gtest/gmock from source, though one was otherwise available.
[36m--[0m Found gtest sources under '/usr/src/googletest': gtests will be built
[36m--[0m Found gmock sources under '/usr/src/googletest': gmock will be built
[36m--[0m Found PythonInterp: /usr/bin/python3 (found version "3.8.10")
[36m--[0m Found Threads: TRUE
[36m--[0m Using Python nosetests: /usr/bin/nosetests3
[36m--[0m catkin 0.8.10
[36m--[0m BUILD_SHARED_LIBS is on
[36m--[0m Using these message generators: gencpp;geneus;genlisp;gennodejs;genpy
[36m--[0m Generating .msg files for action brl_pxh_api/CartTraj /home/brl/object_picker/src/brl_pxh_api/action/CartTraj.action
Generating for action CartTraj
[36m--[0m Generating .msg files for action brl_pxh_api/ConstPose /home/brl/object_picker/src/brl_pxh_api/action/ConstPose.action
Generating for action ConstPose
[36m--[0m Generating .msg files for action brl_pxh_api/EePoseComp /home/brl/object_picker/src/brl_pxh_api/action/EePoseComp.action
Generating for action EePoseComp
[36m--[0m Generating .msg files for action brl_pxh_api/GripperMotion /home/brl/object_picker/src/brl_pxh_api/action/GripperMotion.action
Generating for action GripperMotion
[36m--[0m Generating .msg files for action brl_pxh_api/GripperPressure /home/brl/object_picker/src/brl_pxh_api/action/GripperPressure.action
Generating for action GripperPressure
[36m--[0m Generating .msg files for action brl_pxh_api/JointGroupRads /home/brl/object_picker/src/brl_pxh_api/action/JointGroupRads.action
Generating for action JointGroupRads
[36m--[0m Generating .msg files for action brl_pxh_api/JointRad /home/brl/object_picker/src/brl_pxh_api/action/JointRad.action
Generating for action JointRad
[36m--[0m brl_pxh_api: 49 messages, 0 services
[36m--[0m Configuring done
[36m--[0m Generating done
[36m--[0m Build files have been written to: /home/brl/object_picker/build/brl_pxh_api
