[35m[1mScanning dependencies of target _brl_pxh_api_generate_messages_check_deps_GripperMotionActionGoal[0m
[  0%] Built target _brl_pxh_api_generate_messages_check_deps_GripperMotionActionGoal
[35m[1mScanning dependencies of target _brl_pxh_api_generate_messages_check_deps_JointRadResult[0m
[  0%] Built target _brl_pxh_api_generate_messages_check_deps_JointRadResult
[35m[1mScanning dependencies of target _brl_pxh_api_generate_messages_check_deps_JointRadGoal[0m
[  0%] Built target _brl_pxh_api_generate_messages_check_deps_JointRadGoal
[35m[1mScanning dependencies of target _brl_pxh_api_generate_messages_check_deps_JointRadActionFeedback[0m
[  0%] Built target _brl_pxh_api_generate_messages_check_deps_JointRadActionFeedback
[35m[1mScanning dependencies of target _brl_pxh_api_generate_messages_check_deps_JointRadActionResult[0m
[  0%] Built target _brl_pxh_api_generate_messages_check_deps_JointRadActionResult
[35m[1mScanning dependencies of target _brl_pxh_api_generate_messages_check_deps_JointRadActionGoal[0m
[  0%] Built target _brl_pxh_api_generate_messages_check_deps_JointRadActionGoal
[35m[1mScanning dependencies of target _brl_pxh_api_generate_messages_check_deps_JointGroupRadsResult[0m
[  0%] Built target _brl_pxh_api_generate_messages_check_deps_JointGroupRadsResult
[35m[1mScanning dependencies of target _brl_pxh_api_generate_messages_check_deps_JointGroupRadsActionResult[0m
[  0%] Built target _brl_pxh_api_generate_messages_check_deps_JointGroupRadsActionResult
[35m[1mScanning dependencies of target _brl_pxh_api_generate_messages_check_deps_JointGroupRadsActionGoal[0m
[  0%] Built target _brl_pxh_api_generate_messages_check_deps_JointGroupRadsActionGoal
[35m[1mScanning dependencies of target _brl_pxh_api_generate_messages_check_deps_GripperPressureFeedback[0m
[  0%] Built target _brl_pxh_api_generate_messages_check_deps_GripperPressureFeedback
[35m[1mScanning dependencies of target _brl_pxh_api_generate_messages_check_deps_GripperPressureResult[0m
[  0%] Built target _brl_pxh_api_generate_messages_check_deps_GripperPressureResult
[35m[1mScanning dependencies of target _brl_pxh_api_generate_messages_check_deps_GripperPressureGoal[0m
[  0%] Built target _brl_pxh_api_generate_messages_check_deps_GripperPressureGoal
[35m[1mScanning dependencies of target _brl_pxh_api_generate_messages_check_deps_GripperPressureActionFeedback[0m
[  0%] Built target _brl_pxh_api_generate_messages_check_deps_GripperPressureActionFeedback
[35m[1mScanning dependencies of target _brl_pxh_api_generate_messages_check_deps_GripperPressureActionResult[0m
[  0%] Built target _brl_pxh_api_generate_messages_check_deps_GripperPressureActionResult
[35m[1mScanning dependencies of target _brl_pxh_api_generate_messages_check_deps_GripperMotionFeedback[0m
[  0%] Built target _brl_pxh_api_generate_messages_check_deps_GripperMotionFeedback
[35m[1mScanning dependencies of target _brl_pxh_api_generate_messages_check_deps_CartTrajFeedback[0m
[  0%] Built target _brl_pxh_api_generate_messages_check_deps_CartTrajFeedback
[35m[1mScanning dependencies of target _brl_pxh_api_generate_messages_check_deps_ConstPoseResult[0m
[  0%] Built target _brl_pxh_api_generate_messages_check_deps_ConstPoseResult
[35m[1mScanning dependencies of target _brl_pxh_api_generate_messages_check_deps_EePoseCompGoal[0m
[  0%] Built target _brl_pxh_api_generate_messages_check_deps_EePoseCompGoal
[35m[1mScanning dependencies of target _brl_pxh_api_generate_messages_check_deps_EePoseCompActionResult[0m
[  0%] Built target _brl_pxh_api_generate_messages_check_deps_EePoseCompActionResult
[35m[1mScanning dependencies of target _brl_pxh_api_generate_messages_check_deps_JointGroupRadsGoal[0m
[  0%] Built target _brl_pxh_api_generate_messages_check_deps_JointGroupRadsGoal
[35m[1mScanning dependencies of target _brl_pxh_api_generate_messages_check_deps_JointGroupRadsAction[0m
[  0%] Built target _brl_pxh_api_generate_messages_check_deps_JointGroupRadsAction
[35m[1mScanning dependencies of target _brl_pxh_api_generate_messages_check_deps_GripperPressureActionGoal[0m
[  0%] Built target _brl_pxh_api_generate_messages_check_deps_GripperPressureActionGoal
[35m[1mScanning dependencies of target _brl_pxh_api_generate_messages_check_deps_GripperMotionAction[0m
[  0%] Built target _brl_pxh_api_generate_messages_check_deps_GripperMotionAction
[35m[1mScanning dependencies of target actionlib_msgs_generate_messages_lisp[0m
[  0%] Built target actionlib_msgs_generate_messages_lisp
[35m[1mScanning dependencies of target _brl_pxh_api_generate_messages_check_deps_JointRadAction[0m
[  0%] Built target _brl_pxh_api_generate_messages_check_deps_JointRadAction
[35m[1mScanning dependencies of target _brl_pxh_api_generate_messages_check_deps_EePoseCompActionFeedback[0m
[  0%] Built target _brl_pxh_api_generate_messages_check_deps_EePoseCompActionFeedback
[35m[1mScanning dependencies of target std_msgs_generate_messages_lisp[0m
[  0%] Built target std_msgs_generate_messages_lisp
[35m[1mScanning dependencies of target _brl_pxh_api_generate_messages_check_deps_CartTrajAction[0m
[  0%] Built target _brl_pxh_api_generate_messages_check_deps_CartTrajAction
[35m[1mScanning dependencies of target _brl_pxh_api_generate_messages_check_deps_CartTrajActionFeedback[0m
[  0%] Built target _brl_pxh_api_generate_messages_check_deps_CartTrajActionFeedback
[35m[1mScanning dependencies of target _brl_pxh_api_generate_messages_check_deps_CartTrajActionGoal[0m
[  0%] Built target _brl_pxh_api_generate_messages_check_deps_CartTrajActionGoal
[35m[1mScanning dependencies of target _brl_pxh_api_generate_messages_check_deps_GripperMotionActionResult[0m
[  0%] Built target _brl_pxh_api_generate_messages_check_deps_GripperMotionActionResult
[35m[1mScanning dependencies of target _brl_pxh_api_generate_messages_check_deps_JointRadFeedback[0m
[  0%] Built target _brl_pxh_api_generate_messages_check_deps_JointRadFeedback
[35m[1mScanning dependencies of target _brl_pxh_api_generate_messages_check_deps_CartTrajActionResult[0m
[  0%] Built target _brl_pxh_api_generate_messages_check_deps_CartTrajActionResult
[35m[1mScanning dependencies of target _brl_pxh_api_generate_messages_check_deps_CartTrajGoal[0m
[  0%] Built target _brl_pxh_api_generate_messages_check_deps_CartTrajGoal
[35m[1mScanning dependencies of target _brl_pxh_api_generate_messages_check_deps_JointGroupRadsFeedback[0m
[  0%] Built target _brl_pxh_api_generate_messages_check_deps_JointGroupRadsFeedback
[35m[1mScanning dependencies of target _brl_pxh_api_generate_messages_check_deps_GripperMotionActionFeedback[0m
[  0%] Built target _brl_pxh_api_generate_messages_check_deps_GripperMotionActionFeedback
[35m[1mScanning dependencies of target _brl_pxh_api_generate_messages_check_deps_EePoseCompFeedback[0m
[  0%] Built target _brl_pxh_api_generate_messages_check_deps_EePoseCompFeedback
[35m[1mScanning dependencies of target _brl_pxh_api_generate_messages_check_deps_CartTrajResult[0m
[  0%] Built target _brl_pxh_api_generate_messages_check_deps_CartTrajResult
[35m[1mScanning dependencies of target _brl_pxh_api_generate_messages_check_deps_ConstPoseAction[0m
[  0%] Built target _brl_pxh_api_generate_messages_check_deps_ConstPoseAction
[35m[1mScanning dependencies of target _brl_pxh_api_generate_messages_check_deps_JointGroupRadsActionFeedback[0m
[  0%] Built target _brl_pxh_api_generate_messages_check_deps_JointGroupRadsActionFeedback
[35m[1mScanning dependencies of target _brl_pxh_api_generate_messages_check_deps_ConstPoseActionGoal[0m
[  0%] Built target _brl_pxh_api_generate_messages_check_deps_ConstPoseActionGoal
[35m[1mScanning dependencies of target _brl_pxh_api_generate_messages_check_deps_ConstPoseActionResult[0m
[  0%] Built target _brl_pxh_api_generate_messages_check_deps_ConstPoseActionResult
[35m[1mScanning dependencies of target _brl_pxh_api_generate_messages_check_deps_GripperMotionResult[0m
[  0%] Built target _brl_pxh_api_generate_messages_check_deps_GripperMotionResult
[35m[1mScanning dependencies of target _brl_pxh_api_generate_messages_check_deps_GripperMotionGoal[0m
[  0%] Built target _brl_pxh_api_generate_messages_check_deps_GripperMotionGoal
[35m[1mScanning dependencies of target _brl_pxh_api_generate_messages_check_deps_ConstPoseActionFeedback[0m
[  0%] Built target _brl_pxh_api_generate_messages_check_deps_ConstPoseActionFeedback
[35m[1mScanning dependencies of target _brl_pxh_api_generate_messages_check_deps_ConstPoseGoal[0m
[  0%] Built target _brl_pxh_api_generate_messages_check_deps_ConstPoseGoal
[35m[1mScanning dependencies of target _brl_pxh_api_generate_messages_check_deps_ConstPoseFeedback[0m
[  0%] Built target _brl_pxh_api_generate_messages_check_deps_ConstPoseFeedback
[35m[1mScanning dependencies of target _brl_pxh_api_generate_messages_check_deps_EePoseCompAction[0m
[  0%] Built target _brl_pxh_api_generate_messages_check_deps_EePoseCompAction
[35m[1mScanning dependencies of target _brl_pxh_api_generate_messages_check_deps_GripperPressureAction[0m
[  0%] Built target _brl_pxh_api_generate_messages_check_deps_GripperPressureAction
[35m[1mScanning dependencies of target _brl_pxh_api_generate_messages_check_deps_EePoseCompActionGoal[0m
[  0%] Built target _brl_pxh_api_generate_messages_check_deps_EePoseCompActionGoal
[35m[1mScanning dependencies of target _brl_pxh_api_generate_messages_check_deps_EePoseCompResult[0m
[  0%] Built target _brl_pxh_api_generate_messages_check_deps_EePoseCompResult
[35m[1mScanning dependencies of target std_msgs_generate_messages_py[0m
[  0%] Built target std_msgs_generate_messages_py
[35m[1mScanning dependencies of target actionlib_msgs_generate_messages_py[0m
[  0%] Built target actionlib_msgs_generate_messages_py
[35m[1mScanning dependencies of target std_msgs_generate_messages_nodejs[0m
[  0%] Built target std_msgs_generate_messages_nodejs
[35m[1mScanning dependencies of target actionlib_msgs_generate_messages_nodejs[0m
[  0%] Built target actionlib_msgs_generate_messages_nodejs
[35m[1mScanning dependencies of target std_msgs_generate_messages_cpp[0m
[  0%] Built target std_msgs_generate_messages_cpp
[35m[1mScanning dependencies of target actionlib_msgs_generate_messages_cpp[0m
[  0%] Built target actionlib_msgs_generate_messages_cpp
[35m[1mScanning dependencies of target actionlib_msgs_generate_messages_eus[0m
[  0%] Built target actionlib_msgs_generate_messages_eus
[35m[1mScanning dependencies of target std_msgs_generate_messages_eus[0m
[  0%] Built target std_msgs_generate_messages_eus
[35m[1mScanning dependencies of target brl_pxh_api_generate_messages_lisp[0m
[  1%] [34m[1mGenerating Lisp code from brl_pxh_api/CartTrajAction.msg[0m
[  1%] [34m[1mGenerating Lisp code from brl_pxh_api/CartTrajActionGoal.msg[0m
[  2%] [34m[1mGenerating Lisp code from brl_pxh_api/CartTrajActionResult.msg[0m
[  2%] [34m[1mGenerating Lisp code from brl_pxh_api/CartTrajActionFeedback.msg[0m
[  2%] [34m[1mGenerating Lisp code from brl_pxh_api/CartTrajGoal.msg[0m
[  3%] [34m[1mGenerating Lisp code from brl_pxh_api/CartTrajResult.msg[0m
[  3%] [34m[1mGenerating Lisp code from brl_pxh_api/CartTrajFeedback.msg[0m
[  3%] [34m[1mGenerating Lisp code from brl_pxh_api/ConstPoseAction.msg[0m
[  4%] [34m[1mGenerating Lisp code from brl_pxh_api/ConstPoseActionGoal.msg[0m
[  4%] [34m[1mGenerating Lisp code from brl_pxh_api/ConstPoseActionResult.msg[0m
[  5%] [34m[1mGenerating Lisp code from brl_pxh_api/ConstPoseActionFeedback.msg[0m
[  5%] [34m[1mGenerating Lisp code from brl_pxh_api/ConstPoseGoal.msg[0m
[  5%] [34m[1mGenerating Lisp code from brl_pxh_api/ConstPoseResult.msg[0m
[  6%] [34m[1mGenerating Lisp code from brl_pxh_api/ConstPoseFeedback.msg[0m
[  6%] [34m[1mGenerating Lisp code from brl_pxh_api/EePoseCompAction.msg[0m
[  7%] [34m[1mGenerating Lisp code from brl_pxh_api/EePoseCompActionGoal.msg[0m
[  7%] [34m[1mGenerating Lisp code from brl_pxh_api/EePoseCompActionResult.msg[0m
[  7%] [34m[1mGenerating Lisp code from brl_pxh_api/EePoseCompActionFeedback.msg[0m
[  8%] [34m[1mGenerating Lisp code from brl_pxh_api/EePoseCompGoal.msg[0m
[  8%] [34m[1mGenerating Lisp code from brl_pxh_api/EePoseCompResult.msg[0m
[  9%] [34m[1mGenerating Lisp code from brl_pxh_api/EePoseCompFeedback.msg[0m
[  9%] [34m[1mGenerating Lisp code from brl_pxh_api/GripperMotionAction.msg[0m
[  9%] [34m[1mGenerating Lisp code from brl_pxh_api/GripperMotionActionGoal.msg[0m
[ 10%] [34m[1mGenerating Lisp code from brl_pxh_api/GripperMotionActionResult.msg[0m
[ 10%] [34m[1mGenerating Lisp code from brl_pxh_api/GripperMotionActionFeedback.msg[0m
[ 11%] [34m[1mGenerating Lisp code from brl_pxh_api/GripperMotionGoal.msg[0m
[ 11%] [34m[1mGenerating Lisp code from brl_pxh_api/GripperMotionResult.msg[0m
[ 11%] [34m[1mGenerating Lisp code from brl_pxh_api/GripperMotionFeedback.msg[0m
[ 12%] [34m[1mGenerating Lisp code from brl_pxh_api/GripperPressureAction.msg[0m
[ 12%] [34m[1mGenerating Lisp code from brl_pxh_api/GripperPressureActionGoal.msg[0m
[ 12%] [34m[1mGenerating Lisp code from brl_pxh_api/GripperPressureActionResult.msg[0m
[ 13%] [34m[1mGenerating Lisp code from brl_pxh_api/GripperPressureActionFeedback.msg[0m
[ 13%] [34m[1mGenerating Lisp code from brl_pxh_api/GripperPressureGoal.msg[0m
[ 14%] [34m[1mGenerating Lisp code from brl_pxh_api/GripperPressureResult.msg[0m
[ 14%] [34m[1mGenerating Lisp code from brl_pxh_api/GripperPressureFeedback.msg[0m
[ 14%] [34m[1mGenerating Lisp code from brl_pxh_api/JointGroupRadsAction.msg[0m
[ 15%] [34m[1mGenerating Lisp code from brl_pxh_api/JointGroupRadsActionGoal.msg[0m
[ 15%] [34m[1mGenerating Lisp code from brl_pxh_api/JointGroupRadsActionResult.msg[0m
[ 16%] [34m[1mGenerating Lisp code from brl_pxh_api/JointGroupRadsActionFeedback.msg[0m
[ 16%] [34m[1mGenerating Lisp code from brl_pxh_api/JointGroupRadsGoal.msg[0m
[ 16%] [34m[1mGenerating Lisp code from brl_pxh_api/JointGroupRadsResult.msg[0m
[ 17%] [34m[1mGenerating Lisp code from brl_pxh_api/JointGroupRadsFeedback.msg[0m
[ 17%] [34m[1mGenerating Lisp code from brl_pxh_api/JointRadAction.msg[0m
[ 18%] [34m[1mGenerating Lisp code from brl_pxh_api/JointRadActionGoal.msg[0m
[ 18%] [34m[1mGenerating Lisp code from brl_pxh_api/JointRadActionResult.msg[0m
[ 18%] [34m[1mGenerating Lisp code from brl_pxh_api/JointRadActionFeedback.msg[0m
[ 19%] [34m[1mGenerating Lisp code from brl_pxh_api/JointRadGoal.msg[0m
[ 19%] [34m[1mGenerating Lisp code from brl_pxh_api/JointRadResult.msg[0m
[ 20%] [34m[1mGenerating Lisp code from brl_pxh_api/JointRadFeedback.msg[0m
[ 20%] Built target brl_pxh_api_generate_messages_lisp
[35m[1mScanning dependencies of target brl_pxh_api_generate_messages_py[0m
[ 20%] [34m[1mGenerating Python from MSG brl_pxh_api/CartTrajAction[0m
[ 21%] [34m[1mGenerating Python from MSG brl_pxh_api/CartTrajActionGoal[0m
[ 21%] [34m[1mGenerating Python from MSG brl_pxh_api/CartTrajActionResult[0m
[ 21%] [34m[1mGenerating Python from MSG brl_pxh_api/CartTrajActionFeedback[0m
[ 22%] [34m[1mGenerating Python from MSG brl_pxh_api/CartTrajGoal[0m
[ 22%] [34m[1mGenerating Python from MSG brl_pxh_api/CartTrajResult[0m
[ 23%] [34m[1mGenerating Python from MSG brl_pxh_api/CartTrajFeedback[0m
[ 23%] [34m[1mGenerating Python from MSG brl_pxh_api/ConstPoseAction[0m
[ 23%] [34m[1mGenerating Python from MSG brl_pxh_api/ConstPoseActionGoal[0m
[ 25%] [34m[1mGenerating Python from MSG brl_pxh_api/ConstPoseActionResult[0m
[ 25%] [34m[1mGenerating Python from MSG brl_pxh_api/ConstPoseActionFeedback[0m
[ 25%] [34m[1mGenerating Python from MSG brl_pxh_api/ConstPoseGoal[0m
[ 26%] [34m[1mGenerating Python from MSG brl_pxh_api/ConstPoseResult[0m
[ 26%] [34m[1mGenerating Python from MSG brl_pxh_api/ConstPoseFeedback[0m
[ 27%] [34m[1mGenerating Python from MSG brl_pxh_api/EePoseCompAction[0m
[ 27%] [34m[1mGenerating Python from MSG brl_pxh_api/EePoseCompActionGoal[0m
[ 27%] [34m[1mGenerating Python from MSG brl_pxh_api/EePoseCompActionResult[0m
[ 28%] [34m[1mGenerating Python from MSG brl_pxh_api/EePoseCompActionFeedback[0m
[ 28%] [34m[1mGenerating Python from MSG brl_pxh_api/EePoseCompGoal[0m
[ 29%] [34m[1mGenerating Python from MSG brl_pxh_api/EePoseCompResult[0m
[ 29%] [34m[1mGenerating Python from MSG brl_pxh_api/EePoseCompFeedback[0m
[ 29%] [34m[1mGenerating Python from MSG brl_pxh_api/GripperMotionAction[0m
[ 30%] [34m[1mGenerating Python from MSG brl_pxh_api/GripperMotionActionGoal[0m
[ 30%] [34m[1mGenerating Python from MSG brl_pxh_api/GripperMotionActionResult[0m
[ 31%] [34m[1mGenerating Python from MSG brl_pxh_api/GripperMotionActionFeedback[0m
[ 31%] [34m[1mGenerating Python from MSG brl_pxh_api/GripperMotionGoal[0m
[ 31%] [34m[1mGenerating Python from MSG brl_pxh_api/GripperMotionResult[0m
[ 32%] [34m[1mGenerating Python from MSG brl_pxh_api/GripperMotionFeedback[0m
[ 32%] [34m[1mGenerating Python from MSG brl_pxh_api/GripperPressureAction[0m
[ 33%] [34m[1mGenerating Python from MSG brl_pxh_api/GripperPressureActionGoal[0m
[ 33%] [34m[1mGenerating Python from MSG brl_pxh_api/GripperPressureActionResult[0m
[ 33%] [34m[1mGenerating Python from MSG brl_pxh_api/GripperPressureActionFeedback[0m
[ 34%] [34m[1mGenerating Python from MSG brl_pxh_api/GripperPressureGoal[0m
[ 34%] [34m[1mGenerating Python from MSG brl_pxh_api/GripperPressureResult[0m
[ 34%] [34m[1mGenerating Python from MSG brl_pxh_api/GripperPressureFeedback[0m
[ 35%] [34m[1mGenerating Python from MSG brl_pxh_api/JointGroupRadsAction[0m
[ 35%] [34m[1mGenerating Python from MSG brl_pxh_api/JointGroupRadsActionGoal[0m
[ 36%] [34m[1mGenerating Python from MSG brl_pxh_api/JointGroupRadsActionResult[0m
[ 36%] [34m[1mGenerating Python from MSG brl_pxh_api/JointGroupRadsActionFeedback[0m
[ 36%] [34m[1mGenerating Python from MSG brl_pxh_api/JointGroupRadsGoal[0m
[35m[1mScanning dependencies of target brl_pxh_api_generate_messages_nodejs[0m
[ 37%] [34m[1mGenerating Python from MSG brl_pxh_api/JointGroupRadsResult[0m
[ 37%] [34m[1mGenerating Javascript code from brl_pxh_api/CartTrajAction.msg[0m
[ 37%] [34m[1mGenerating Javascript code from brl_pxh_api/CartTrajActionGoal.msg[0m
[ 38%] [34m[1mGenerating Javascript code from brl_pxh_api/CartTrajActionResult.msg[0m
[ 38%] [34m[1mGenerating Python from MSG brl_pxh_api/JointGroupRadsFeedback[0m
[ 38%] [34m[1mGenerating Javascript code from brl_pxh_api/CartTrajActionFeedback.msg[0m
[ 39%] [34m[1mGenerating Javascript code from brl_pxh_api/CartTrajGoal.msg[0m
[ 40%] [34m[1mGenerating Python from MSG brl_pxh_api/JointRadAction[0m
[ 40%] [34m[1mGenerating Javascript code from brl_pxh_api/CartTrajResult.msg[0m
[ 40%] [34m[1mGenerating Javascript code from brl_pxh_api/CartTrajFeedback.msg[0m
[ 40%] [34m[1mGenerating Python from MSG brl_pxh_api/JointRadActionGoal[0m
[ 41%] [34m[1mGenerating Javascript code from brl_pxh_api/ConstPoseAction.msg[0m
[ 41%] [34m[1mGenerating Javascript code from brl_pxh_api/ConstPoseActionGoal.msg[0m
[ 41%] [34m[1mGenerating Python from MSG brl_pxh_api/JointRadActionResult[0m
[ 41%] [34m[1mGenerating Javascript code from brl_pxh_api/ConstPoseActionResult.msg[0m
[ 42%] [34m[1mGenerating Javascript code from brl_pxh_api/ConstPoseActionFeedback.msg[0m
[ 43%] [34m[1mGenerating Python from MSG brl_pxh_api/JointRadActionFeedback[0m
[ 43%] [34m[1mGenerating Javascript code from brl_pxh_api/ConstPoseGoal.msg[0m
[ 44%] [34m[1mGenerating Javascript code from brl_pxh_api/ConstPoseResult.msg[0m
[ 44%] [34m[1mGenerating Python from MSG brl_pxh_api/JointRadGoal[0m
[ 44%] [34m[1mGenerating Javascript code from brl_pxh_api/ConstPoseFeedback.msg[0m
[ 44%] [34m[1mGenerating Javascript code from brl_pxh_api/EePoseCompAction.msg[0m
[ 45%] [34m[1mGenerating Python from MSG brl_pxh_api/JointRadResult[0m
[ 46%] [34m[1mGenerating Javascript code from brl_pxh_api/EePoseCompActionGoal.msg[0m
[ 46%] [34m[1mGenerating Javascript code from brl_pxh_api/EePoseCompActionResult.msg[0m
[ 46%] [34m[1mGenerating Python from MSG brl_pxh_api/JointRadFeedback[0m
[ 47%] [34m[1mGenerating Javascript code from brl_pxh_api/EePoseCompActionFeedback.msg[0m
[ 47%] [34m[1mGenerating Javascript code from brl_pxh_api/EePoseCompGoal.msg[0m
[ 47%] [34m[1mGenerating Javascript code from brl_pxh_api/EePoseCompResult.msg[0m
[ 47%] [34m[1mGenerating Python msg __init__.py for brl_pxh_api[0m
[ 48%] [34m[1mGenerating Javascript code from brl_pxh_api/EePoseCompFeedback.msg[0m
[ 48%] [34m[1mGenerating Javascript code from brl_pxh_api/GripperMotionAction.msg[0m
[ 50%] [34m[1mGenerating Javascript code from brl_pxh_api/GripperMotionActionGoal.msg[0m
[ 50%] Built target brl_pxh_api_generate_messages_py
[35m[1mScanning dependencies of target brl_pxh_api_generate_messages_cpp[0m
[35m[1mScanning dependencies of target brl_pxh_api_generate_messages_eus[0m
[ 50%] [34m[1mGenerating C++ code from brl_pxh_api/CartTrajAction.msg[0m
[ 50%] [34m[1mGenerating EusLisp code from brl_pxh_api/CartTrajAction.msg[0m
[ 50%] [34m[1mGenerating Javascript code from brl_pxh_api/GripperMotionActionResult.msg[0m
[ 50%] [34m[1mGenerating Javascript code from brl_pxh_api/GripperMotionActionFeedback.msg[0m
[ 51%] [34m[1mGenerating C++ code from brl_pxh_api/CartTrajActionGoal.msg[0m
[ 51%] [34m[1mGenerating EusLisp code from brl_pxh_api/CartTrajActionGoal.msg[0m
[ 52%] [34m[1mGenerating Javascript code from brl_pxh_api/GripperMotionGoal.msg[0m
[ 52%] [34m[1mGenerating EusLisp code from brl_pxh_api/CartTrajActionResult.msg[0m
[ 53%] [34m[1mGenerating C++ code from brl_pxh_api/CartTrajActionResult.msg[0m
[ 53%] [34m[1mGenerating Javascript code from brl_pxh_api/GripperMotionResult.msg[0m
[ 54%] [34m[1mGenerating Javascript code from brl_pxh_api/GripperMotionFeedback.msg[0m
[ 54%] [34m[1mGenerating EusLisp code from brl_pxh_api/CartTrajActionFeedback.msg[0m
[ 54%] [34m[1mGenerating Javascript code from brl_pxh_api/GripperPressureAction.msg[0m
[ 54%] [34m[1mGenerating C++ code from brl_pxh_api/CartTrajActionFeedback.msg[0m
[ 54%] [34m[1mGenerating Javascript code from brl_pxh_api/GripperPressureActionGoal.msg[0m
[ 55%] [34m[1mGenerating EusLisp code from brl_pxh_api/CartTrajGoal.msg[0m
[ 56%] [34m[1mGenerating Javascript code from brl_pxh_api/GripperPressureActionResult.msg[0m
[ 56%] [34m[1mGenerating C++ code from brl_pxh_api/CartTrajGoal.msg[0m
[ 56%] [34m[1mGenerating EusLisp code from brl_pxh_api/CartTrajResult.msg[0m
[ 56%] [34m[1mGenerating Javascript code from brl_pxh_api/GripperPressureActionFeedback.msg[0m
[ 56%] [34m[1mGenerating Javascript code from brl_pxh_api/GripperPressureGoal.msg[0m
[ 57%] [34m[1mGenerating C++ code from brl_pxh_api/CartTrajResult.msg[0m
[ 57%] [34m[1mGenerating EusLisp code from brl_pxh_api/CartTrajFeedback.msg[0m
[ 58%] [34m[1mGenerating Javascript code from brl_pxh_api/GripperPressureResult.msg[0m
[ 58%] [34m[1mGenerating Javascript code from brl_pxh_api/GripperPressureFeedback.msg[0m
[ 59%] [34m[1mGenerating EusLisp code from brl_pxh_api/ConstPoseAction.msg[0m
[ 59%] [34m[1mGenerating C++ code from brl_pxh_api/CartTrajFeedback.msg[0m
[ 60%] [34m[1mGenerating Javascript code from brl_pxh_api/JointGroupRadsAction.msg[0m
[ 60%] [34m[1mGenerating EusLisp code from brl_pxh_api/ConstPoseActionGoal.msg[0m
[ 60%] [34m[1mGenerating Javascript code from brl_pxh_api/JointGroupRadsActionGoal.msg[0m
[ 61%] [34m[1mGenerating C++ code from brl_pxh_api/ConstPoseAction.msg[0m
[ 61%] [34m[1mGenerating Javascript code from brl_pxh_api/JointGroupRadsActionResult.msg[0m
[ 62%] [34m[1mGenerating EusLisp code from brl_pxh_api/ConstPoseActionResult.msg[0m
[ 63%] [34m[1mGenerating Javascript code from brl_pxh_api/JointGroupRadsActionFeedback.msg[0m
[ 63%] [34m[1mGenerating C++ code from brl_pxh_api/ConstPoseActionGoal.msg[0m
[ 63%] [34m[1mGenerating EusLisp code from brl_pxh_api/ConstPoseActionFeedback.msg[0m
[ 63%] [34m[1mGenerating Javascript code from brl_pxh_api/JointGroupRadsGoal.msg[0m
[ 64%] [34m[1mGenerating Javascript code from brl_pxh_api/JointGroupRadsResult.msg[0m
[ 64%] [34m[1mGenerating EusLisp code from brl_pxh_api/ConstPoseGoal.msg[0m
[ 64%] [34m[1mGenerating C++ code from brl_pxh_api/ConstPoseActionResult.msg[0m
[ 64%] [34m[1mGenerating Javascript code from brl_pxh_api/JointGroupRadsFeedback.msg[0m
[ 65%] [34m[1mGenerating EusLisp code from brl_pxh_api/ConstPoseResult.msg[0m
[ 65%] [34m[1mGenerating Javascript code from brl_pxh_api/JointRadAction.msg[0m
[ 66%] [34m[1mGenerating C++ code from brl_pxh_api/ConstPoseActionFeedback.msg[0m
[ 67%] [34m[1mGenerating Javascript code from brl_pxh_api/JointRadActionGoal.msg[0m
[ 67%] [34m[1mGenerating C++ code from brl_pxh_api/ConstPoseGoal.msg[0m
[ 67%] [34m[1mGenerating EusLisp code from brl_pxh_api/ConstPoseFeedback.msg[0m
[ 67%] [34m[1mGenerating Javascript code from brl_pxh_api/JointRadActionResult.msg[0m
[ 68%] [34m[1mGenerating C++ code from brl_pxh_api/ConstPoseResult.msg[0m
[ 69%] [34m[1mGenerating Javascript code from brl_pxh_api/JointRadActionFeedback.msg[0m
[ 70%] [34m[1mGenerating EusLisp code from brl_pxh_api/EePoseCompAction.msg[0m
[ 70%] [34m[1mGenerating Javascript code from brl_pxh_api/JointRadGoal.msg[0m
[ 70%] [34m[1mGenerating C++ code from brl_pxh_api/ConstPoseFeedback.msg[0m
[ 70%] [34m[1mGenerating EusLisp code from brl_pxh_api/EePoseCompActionGoal.msg[0m
[ 70%] [34m[1mGenerating Javascript code from brl_pxh_api/JointRadResult.msg[0m
[ 70%] [34m[1mGenerating EusLisp code from brl_pxh_api/EePoseCompActionResult.msg[0m
[ 71%] [34m[1mGenerating Javascript code from brl_pxh_api/JointRadFeedback.msg[0m
[ 71%] [34m[1mGenerating C++ code from brl_pxh_api/EePoseCompAction.msg[0m
[ 71%] Built target brl_pxh_api_generate_messages_nodejs
[ 72%] [34m[1mGenerating EusLisp code from brl_pxh_api/EePoseCompActionFeedback.msg[0m
[ 72%] [34m[1mGenerating EusLisp code from brl_pxh_api/EePoseCompGoal.msg[0m
[ 73%] [34m[1mGenerating C++ code from brl_pxh_api/EePoseCompActionGoal.msg[0m
[ 73%] [34m[1mGenerating C++ code from brl_pxh_api/EePoseCompActionResult.msg[0m
[ 75%] [34m[1mGenerating EusLisp code from brl_pxh_api/EePoseCompResult.msg[0m
[ 76%] [34m[1mGenerating C++ code from brl_pxh_api/EePoseCompActionFeedback.msg[0m
[ 76%] [34m[1mGenerating EusLisp code from brl_pxh_api/EePoseCompFeedback.msg[0m
[ 76%] [34m[1mGenerating EusLisp code from brl_pxh_api/GripperMotionAction.msg[0m
[ 76%] [34m[1mGenerating C++ code from brl_pxh_api/EePoseCompGoal.msg[0m
[ 77%] [34m[1mGenerating EusLisp code from brl_pxh_api/GripperMotionActionGoal.msg[0m
[ 77%] [34m[1mGenerating EusLisp code from brl_pxh_api/GripperMotionActionResult.msg[0m
[ 77%] [34m[1mGenerating C++ code from brl_pxh_api/EePoseCompResult.msg[0m
[ 78%] [34m[1mGenerating EusLisp code from brl_pxh_api/GripperMotionActionFeedback.msg[0m
[ 79%] [34m[1mGenerating C++ code from brl_pxh_api/EePoseCompFeedback.msg[0m
[ 79%] [34m[1mGenerating EusLisp code from brl_pxh_api/GripperMotionGoal.msg[0m
[ 79%] [34m[1mGenerating C++ code from brl_pxh_api/GripperMotionAction.msg[0m
[ 80%] [34m[1mGenerating C++ code from brl_pxh_api/GripperMotionActionGoal.msg[0m
[ 80%] [34m[1mGenerating EusLisp code from brl_pxh_api/GripperMotionResult.msg[0m
[ 81%] [34m[1mGenerating EusLisp code from brl_pxh_api/GripperMotionFeedback.msg[0m
[ 81%] [34m[1mGenerating EusLisp code from brl_pxh_api/GripperPressureAction.msg[0m
[ 81%] [34m[1mGenerating C++ code from brl_pxh_api/GripperMotionActionResult.msg[0m
[ 81%] [34m[1mGenerating C++ code from brl_pxh_api/GripperMotionActionFeedback.msg[0m
[ 81%] [34m[1mGenerating EusLisp code from brl_pxh_api/GripperPressureActionGoal.msg[0m
[ 82%] [34m[1mGenerating C++ code from brl_pxh_api/GripperMotionGoal.msg[0m
[ 83%] [34m[1mGenerating EusLisp code from brl_pxh_api/GripperPressureActionResult.msg[0m
[ 83%] [34m[1mGenerating C++ code from brl_pxh_api/GripperMotionResult.msg[0m
[ 83%] [34m[1mGenerating EusLisp code from brl_pxh_api/GripperPressureActionFeedback.msg[0m
[ 83%] [34m[1mGenerating C++ code from brl_pxh_api/GripperMotionFeedback.msg[0m
[ 84%] [34m[1mGenerating C++ code from brl_pxh_api/GripperPressureAction.msg[0m
[ 85%] [34m[1mGenerating EusLisp code from brl_pxh_api/GripperPressureGoal.msg[0m
[ 85%] [34m[1mGenerating EusLisp code from brl_pxh_api/GripperPressureResult.msg[0m
[ 85%] [34m[1mGenerating C++ code from brl_pxh_api/GripperPressureActionGoal.msg[0m
[ 85%] [34m[1mGenerating EusLisp code from brl_pxh_api/GripperPressureFeedback.msg[0m
[ 86%] [34m[1mGenerating EusLisp code from brl_pxh_api/JointGroupRadsAction.msg[0m
[ 86%] [34m[1mGenerating EusLisp code from brl_pxh_api/JointGroupRadsActionGoal.msg[0m
[ 87%] [34m[1mGenerating C++ code from brl_pxh_api/GripperPressureActionResult.msg[0m
[ 88%] [34m[1mGenerating EusLisp code from brl_pxh_api/JointGroupRadsActionResult.msg[0m
[ 88%] [34m[1mGenerating C++ code from brl_pxh_api/GripperPressureActionFeedback.msg[0m
[ 88%] [34m[1mGenerating C++ code from brl_pxh_api/GripperPressureGoal.msg[0m
[ 88%] [34m[1mGenerating EusLisp code from brl_pxh_api/JointGroupRadsActionFeedback.msg[0m
[ 89%] [34m[1mGenerating C++ code from brl_pxh_api/GripperPressureResult.msg[0m
[ 89%] [34m[1mGenerating C++ code from brl_pxh_api/GripperPressureFeedback.msg[0m
[ 89%] [34m[1mGenerating EusLisp code from brl_pxh_api/JointGroupRadsGoal.msg[0m
[ 90%] [34m[1mGenerating C++ code from brl_pxh_api/JointGroupRadsAction.msg[0m
[ 91%] [34m[1mGenerating EusLisp code from brl_pxh_api/JointGroupRadsResult.msg[0m
[ 91%] [34m[1mGenerating C++ code from brl_pxh_api/JointGroupRadsActionGoal.msg[0m
[ 91%] [34m[1mGenerating EusLisp code from brl_pxh_api/JointGroupRadsFeedback.msg[0m
[ 91%] [34m[1mGenerating C++ code from brl_pxh_api/JointGroupRadsActionResult.msg[0m
[ 92%] [34m[1mGenerating C++ code from brl_pxh_api/JointGroupRadsActionFeedback.msg[0m
[ 93%] [34m[1mGenerating EusLisp code from brl_pxh_api/JointRadAction.msg[0m
[ 93%] [34m[1mGenerating C++ code from brl_pxh_api/JointGroupRadsGoal.msg[0m
[ 94%] [34m[1mGenerating C++ code from brl_pxh_api/JointGroupRadsResult.msg[0m
[ 94%] [34m[1mGenerating EusLisp code from brl_pxh_api/JointRadActionGoal.msg[0m
[ 94%] [34m[1mGenerating C++ code from brl_pxh_api/JointGroupRadsFeedback.msg[0m
[ 94%] [34m[1mGenerating EusLisp code from brl_pxh_api/JointRadActionResult.msg[0m
[ 94%] [34m[1mGenerating C++ code from brl_pxh_api/JointRadAction.msg[0m
[ 95%] [34m[1mGenerating EusLisp code from brl_pxh_api/JointRadActionFeedback.msg[0m
[ 95%] [34m[1mGenerating EusLisp code from brl_pxh_api/JointRadGoal.msg[0m
[ 96%] [34m[1mGenerating C++ code from brl_pxh_api/JointRadActionGoal.msg[0m
[ 97%] [34m[1mGenerating EusLisp code from brl_pxh_api/JointRadResult.msg[0m
[ 97%] [34m[1mGenerating EusLisp code from brl_pxh_api/JointRadFeedback.msg[0m
[ 97%] [34m[1mGenerating C++ code from brl_pxh_api/JointRadActionResult.msg[0m
[ 98%] [34m[1mGenerating C++ code from brl_pxh_api/JointRadActionFeedback.msg[0m
[ 98%] [34m[1mGenerating EusLisp manifest code for brl_pxh_api[0m
[ 98%] [34m[1mGenerating C++ code from brl_pxh_api/JointRadGoal.msg[0m
[ 98%] [34m[1mGenerating C++ code from brl_pxh_api/JointRadResult.msg[0m
[100%] [34m[1mGenerating C++ code from brl_pxh_api/JointRadFeedback.msg[0m
[100%] Built target brl_pxh_api_generate_messages_cpp
[100%] Built target brl_pxh_api_generate_messages_eus
[35m[1mScanning dependencies of target brl_pxh_api_generate_messages[0m
[100%] Built target brl_pxh_api_generate_messages
