Symlinking /home/brl/object_picker/devel/share/gennodejs/ros/panda_gazebo/_index.js
Symlinking /home/brl/object_picker/devel/share/gennodejs/ros/panda_gazebo/srv/SetJointCommands.js
Symlinking /home/brl/object_picker/devel/share/gennodejs/ros/panda_gazebo/srv/GetRandomEePose.js
Symlinking /home/brl/object_picker/devel/share/gennodejs/ros/panda_gazebo/srv/SetJointPositions.js
Symlinking /home/brl/object_picker/devel/share/gennodejs/ros/panda_gazebo/srv/SetGripperWidth.js
Symlinking /home/brl/object_picker/devel/share/gennodejs/ros/panda_gazebo/srv/GetEeRpy.js
Symlinking /home/brl/object_picker/devel/share/gennodejs/ros/panda_gazebo/srv/_index.js
Symlinking /home/brl/object_picker/devel/share/gennodejs/ros/panda_gazebo/srv/GetEe.js
Symlinking /home/brl/object_picker/devel/share/gennodejs/ros/panda_gazebo/srv/GetEePoseJointConfig.js
Symlinking /home/brl/object_picker/devel/share/gennodejs/ros/panda_gazebo/srv/GetMoveItControlledJoints.js
Symlinking /home/brl/object_picker/devel/share/gennodejs/ros/panda_gazebo/srv/GetEePose.js
Symlinking /home/brl/object_picker/devel/share/gennodejs/ros/panda_gazebo/srv/SetJointEfforts.js
Symlinking /home/brl/object_picker/devel/share/gennodejs/ros/panda_gazebo/srv/SetEe.js
Symlinking /home/brl/object_picker/devel/share/gennodejs/ros/panda_gazebo/srv/SetEePose.js
Symlinking /home/brl/object_picker/devel/share/gennodejs/ros/panda_gazebo/srv/LockJoints.js
Symlinking /home/brl/object_picker/devel/share/gennodejs/ros/panda_gazebo/srv/AddBox.js
Symlinking /home/brl/object_picker/devel/share/gennodejs/ros/panda_gazebo/srv/GetControlledJoints.js
Symlinking /home/brl/object_picker/devel/share/gennodejs/ros/panda_gazebo/srv/GetRandomJointPositions.js
Symlinking /home/brl/object_picker/devel/share/gennodejs/ros/panda_gazebo/srv/AddPlane.js
Symlinking /home/brl/object_picker/devel/share/gennodejs/ros/panda_gazebo/msg/FollowJointTrajectoryAction.js
Symlinking /home/brl/object_picker/devel/share/gennodejs/ros/panda_gazebo/msg/_index.js
Symlinking /home/brl/object_picker/devel/share/gennodejs/ros/panda_gazebo/msg/FollowJointTrajectoryActionGoal.js
Symlinking /home/brl/object_picker/devel/share/gennodejs/ros/panda_gazebo/msg/FollowJointTrajectoryResult.js
Symlinking /home/brl/object_picker/devel/share/gennodejs/ros/panda_gazebo/msg/FollowJointTrajectoryActionFeedback.js
Symlinking /home/brl/object_picker/devel/share/gennodejs/ros/panda_gazebo/msg/JointLimits.js
Symlinking /home/brl/object_picker/devel/share/gennodejs/ros/panda_gazebo/msg/FollowJointTrajectoryGoal.js
Symlinking /home/brl/object_picker/devel/share/gennodejs/ros/panda_gazebo/msg/BoundingRegion.js
Symlinking /home/brl/object_picker/devel/share/gennodejs/ros/panda_gazebo/msg/FollowJointTrajectoryFeedback.js
Symlinking /home/brl/object_picker/devel/share/gennodejs/ros/panda_gazebo/msg/FollowJointTrajectoryActionResult.js
Symlinking /home/brl/object_picker/devel/share/panda_gazebo/cmake/panda_gazebo-msg-paths.cmake
Symlinking /home/brl/object_picker/devel/share/panda_gazebo/cmake/panda_gazeboConfig-version.cmake
Symlinking /home/brl/object_picker/devel/share/panda_gazebo/cmake/panda_gazeboConfig.cmake
Symlinking /home/brl/object_picker/devel/share/panda_gazebo/cmake/panda_gazebo-msg-extras.cmake
Symlinking /home/brl/object_picker/devel/share/panda_gazebo/docs/MoveitServerConfig.wikidoc
Symlinking /home/brl/object_picker/devel/share/panda_gazebo/docs/JointPositionsConfig.dox
Symlinking /home/brl/object_picker/devel/share/panda_gazebo/docs/JointEffortsConfig.dox
Symlinking /home/brl/object_picker/devel/share/panda_gazebo/docs/MoveitServerConfig.dox
Symlinking /home/brl/object_picker/devel/share/panda_gazebo/docs/JointPositionsConfig.wikidoc
Symlinking /home/brl/object_picker/devel/share/panda_gazebo/docs/JointPositionsConfig-usage.dox
Symlinking /home/brl/object_picker/devel/share/panda_gazebo/docs/JointEffortsConfig-usage.dox
Symlinking /home/brl/object_picker/devel/share/panda_gazebo/docs/JointEffortsConfig.wikidoc
Symlinking /home/brl/object_picker/devel/share/panda_gazebo/docs/MoveitServerConfig-usage.dox
Symlinking /home/brl/object_picker/devel/share/panda_gazebo/msg/FollowJointTrajectoryFeedback.msg
Symlinking /home/brl/object_picker/devel/share/panda_gazebo/msg/FollowJointTrajectoryActionResult.msg
Symlinking /home/brl/object_picker/devel/share/panda_gazebo/msg/FollowJointTrajectoryGoal.msg
Symlinking /home/brl/object_picker/devel/share/panda_gazebo/msg/FollowJointTrajectoryResult.msg
Symlinking /home/brl/object_picker/devel/share/panda_gazebo/msg/FollowJointTrajectoryActionGoal.msg
Symlinking /home/brl/object_picker/devel/share/panda_gazebo/msg/FollowJointTrajectoryAction.msg
Symlinking /home/brl/object_picker/devel/share/panda_gazebo/msg/FollowJointTrajectoryActionFeedback.msg
Symlinking /home/brl/object_picker/devel/share/roseus/ros/panda_gazebo/manifest.l
Symlinking /home/brl/object_picker/devel/share/roseus/ros/panda_gazebo/srv/SetJointCommands.l
Symlinking /home/brl/object_picker/devel/share/roseus/ros/panda_gazebo/srv/SetEe.l
Symlinking /home/brl/object_picker/devel/share/roseus/ros/panda_gazebo/srv/SetEePose.l
Symlinking /home/brl/object_picker/devel/share/roseus/ros/panda_gazebo/srv/AddPlane.l
Symlinking /home/brl/object_picker/devel/share/roseus/ros/panda_gazebo/srv/GetRandomJointPositions.l
Symlinking /home/brl/object_picker/devel/share/roseus/ros/panda_gazebo/srv/GetRandomEePose.l
Symlinking /home/brl/object_picker/devel/share/roseus/ros/panda_gazebo/srv/GetEePose.l
Symlinking /home/brl/object_picker/devel/share/roseus/ros/panda_gazebo/srv/SetJointPositions.l
Symlinking /home/brl/object_picker/devel/share/roseus/ros/panda_gazebo/srv/GetEe.l
Symlinking /home/brl/object_picker/devel/share/roseus/ros/panda_gazebo/srv/AddBox.l
Symlinking /home/brl/object_picker/devel/share/roseus/ros/panda_gazebo/srv/LockJoints.l
Symlinking /home/brl/object_picker/devel/share/roseus/ros/panda_gazebo/srv/GetMoveItControlledJoints.l
Symlinking /home/brl/object_picker/devel/share/roseus/ros/panda_gazebo/srv/GetEePoseJointConfig.l
Symlinking /home/brl/object_picker/devel/share/roseus/ros/panda_gazebo/srv/SetJointEfforts.l
Symlinking /home/brl/object_picker/devel/share/roseus/ros/panda_gazebo/srv/SetGripperWidth.l
Symlinking /home/brl/object_picker/devel/share/roseus/ros/panda_gazebo/srv/GetControlledJoints.l
Symlinking /home/brl/object_picker/devel/share/roseus/ros/panda_gazebo/srv/GetEeRpy.l
Symlinking /home/brl/object_picker/devel/share/roseus/ros/panda_gazebo/msg/FollowJointTrajectoryActionResult.l
Symlinking /home/brl/object_picker/devel/share/roseus/ros/panda_gazebo/msg/FollowJointTrajectoryActionGoal.l
Symlinking /home/brl/object_picker/devel/share/roseus/ros/panda_gazebo/msg/FollowJointTrajectoryAction.l
Symlinking /home/brl/object_picker/devel/share/roseus/ros/panda_gazebo/msg/FollowJointTrajectoryGoal.l
Symlinking /home/brl/object_picker/devel/share/roseus/ros/panda_gazebo/msg/BoundingRegion.l
Symlinking /home/brl/object_picker/devel/share/roseus/ros/panda_gazebo/msg/JointLimits.l
Symlinking /home/brl/object_picker/devel/share/roseus/ros/panda_gazebo/msg/FollowJointTrajectoryActionFeedback.l
Symlinking /home/brl/object_picker/devel/share/roseus/ros/panda_gazebo/msg/FollowJointTrajectoryFeedback.l
Symlinking /home/brl/object_picker/devel/share/roseus/ros/panda_gazebo/msg/FollowJointTrajectoryResult.l
Symlinking /home/brl/object_picker/devel/share/common-lisp/ros/panda_gazebo/srv/SetEe.lisp
Symlinking /home/brl/object_picker/devel/share/common-lisp/ros/panda_gazebo/srv/SetJointCommands.lisp
Symlinking /home/brl/object_picker/devel/share/common-lisp/ros/panda_gazebo/srv/_package_SetJointCommands.lisp
Symlinking /home/brl/object_picker/devel/share/common-lisp/ros/panda_gazebo/srv/GetRandomEePose.lisp
Symlinking /home/brl/object_picker/devel/share/common-lisp/ros/panda_gazebo/srv/_package_GetEe.lisp
Symlinking /home/brl/object_picker/devel/share/common-lisp/ros/panda_gazebo/srv/AddBox.lisp
Symlinking /home/brl/object_picker/devel/share/common-lisp/ros/panda_gazebo/srv/_package_GetRandomJointPositions.lisp
Symlinking /home/brl/object_picker/devel/share/common-lisp/ros/panda_gazebo/srv/_package_AddBox.lisp
Symlinking /home/brl/object_picker/devel/share/common-lisp/ros/panda_gazebo/srv/GetMoveItControlledJoints.lisp
Symlinking /home/brl/object_picker/devel/share/common-lisp/ros/panda_gazebo/srv/_package_GetMoveItControlledJoints.lisp
Symlinking /home/brl/object_picker/devel/share/common-lisp/ros/panda_gazebo/srv/_package_SetGripperWidth.lisp
Symlinking /home/brl/object_picker/devel/share/common-lisp/ros/panda_gazebo/srv/GetRandomJointPositions.lisp
Symlinking /home/brl/object_picker/devel/share/common-lisp/ros/panda_gazebo/srv/_package_GetEePose.lisp
Symlinking /home/brl/object_picker/devel/share/common-lisp/ros/panda_gazebo/srv/_package_GetControlledJoints.lisp
Symlinking /home/brl/object_picker/devel/share/common-lisp/ros/panda_gazebo/srv/SetGripperWidth.lisp
Symlinking /home/brl/object_picker/devel/share/common-lisp/ros/panda_gazebo/srv/_package_SetJointEfforts.lisp
Symlinking /home/brl/object_picker/devel/share/common-lisp/ros/panda_gazebo/srv/_package_LockJoints.lisp
Symlinking /home/brl/object_picker/devel/share/common-lisp/ros/panda_gazebo/srv/_package_AddPlane.lisp
Symlinking /home/brl/object_picker/devel/share/common-lisp/ros/panda_gazebo/srv/panda_gazebo-srv.asd
Symlinking /home/brl/object_picker/devel/share/common-lisp/ros/panda_gazebo/srv/GetEePose.lisp
Symlinking /home/brl/object_picker/devel/share/common-lisp/ros/panda_gazebo/srv/_package.lisp
Symlinking /home/brl/object_picker/devel/share/common-lisp/ros/panda_gazebo/srv/GetEePoseJointConfig.lisp
Symlinking /home/brl/object_picker/devel/share/common-lisp/ros/panda_gazebo/srv/_package_SetJointPositions.lisp
Symlinking /home/brl/object_picker/devel/share/common-lisp/ros/panda_gazebo/srv/GetEeRpy.lisp
Symlinking /home/brl/object_picker/devel/share/common-lisp/ros/panda_gazebo/srv/LockJoints.lisp
Symlinking /home/brl/object_picker/devel/share/common-lisp/ros/panda_gazebo/srv/_package_SetEe.lisp
Symlinking /home/brl/object_picker/devel/share/common-lisp/ros/panda_gazebo/srv/_package_SetEePose.lisp
Symlinking /home/brl/object_picker/devel/share/common-lisp/ros/panda_gazebo/srv/SetJointPositions.lisp
Symlinking /home/brl/object_picker/devel/share/common-lisp/ros/panda_gazebo/srv/_package_GetEeRpy.lisp
Symlinking /home/brl/object_picker/devel/share/common-lisp/ros/panda_gazebo/srv/_package_GetRandomEePose.lisp
Symlinking /home/brl/object_picker/devel/share/common-lisp/ros/panda_gazebo/srv/SetJointEfforts.lisp
Symlinking /home/brl/object_picker/devel/share/common-lisp/ros/panda_gazebo/srv/GetEe.lisp
Symlinking /home/brl/object_picker/devel/share/common-lisp/ros/panda_gazebo/srv/GetControlledJoints.lisp
Symlinking /home/brl/object_picker/devel/share/common-lisp/ros/panda_gazebo/srv/AddPlane.lisp
Symlinking /home/brl/object_picker/devel/share/common-lisp/ros/panda_gazebo/srv/SetEePose.lisp
Symlinking /home/brl/object_picker/devel/share/common-lisp/ros/panda_gazebo/srv/_package_GetEePoseJointConfig.lisp
Symlinking /home/brl/object_picker/devel/share/common-lisp/ros/panda_gazebo/msg/FollowJointTrajectoryActionResult.lisp
Symlinking /home/brl/object_picker/devel/share/common-lisp/ros/panda_gazebo/msg/_package_FollowJointTrajectoryActionGoal.lisp
Symlinking /home/brl/object_picker/devel/share/common-lisp/ros/panda_gazebo/msg/FollowJointTrajectoryFeedback.lisp
Symlinking /home/brl/object_picker/devel/share/common-lisp/ros/panda_gazebo/msg/_package_FollowJointTrajectoryResult.lisp
Symlinking /home/brl/object_picker/devel/share/common-lisp/ros/panda_gazebo/msg/FollowJointTrajectoryActionFeedback.lisp
Symlinking /home/brl/object_picker/devel/share/common-lisp/ros/panda_gazebo/msg/_package_BoundingRegion.lisp
Symlinking /home/brl/object_picker/devel/share/common-lisp/ros/panda_gazebo/msg/_package_FollowJointTrajectoryAction.lisp
Symlinking /home/brl/object_picker/devel/share/common-lisp/ros/panda_gazebo/msg/FollowJointTrajectoryActionGoal.lisp
Symlinking /home/brl/object_picker/devel/share/common-lisp/ros/panda_gazebo/msg/JointLimits.lisp
Symlinking /home/brl/object_picker/devel/share/common-lisp/ros/panda_gazebo/msg/panda_gazebo-msg.asd
Symlinking /home/brl/object_picker/devel/share/common-lisp/ros/panda_gazebo/msg/_package_FollowJointTrajectoryFeedback.lisp
Symlinking /home/brl/object_picker/devel/share/common-lisp/ros/panda_gazebo/msg/_package_FollowJointTrajectoryActionFeedback.lisp
Symlinking /home/brl/object_picker/devel/share/common-lisp/ros/panda_gazebo/msg/_package_FollowJointTrajectoryActionResult.lisp
Symlinking /home/brl/object_picker/devel/share/common-lisp/ros/panda_gazebo/msg/FollowJointTrajectoryResult.lisp
Symlinking /home/brl/object_picker/devel/share/common-lisp/ros/panda_gazebo/msg/_package.lisp
Symlinking /home/brl/object_picker/devel/share/common-lisp/ros/panda_gazebo/msg/FollowJointTrajectoryAction.lisp
Symlinking /home/brl/object_picker/devel/share/common-lisp/ros/panda_gazebo/msg/_package_JointLimits.lisp
Symlinking /home/brl/object_picker/devel/share/common-lisp/ros/panda_gazebo/msg/FollowJointTrajectoryGoal.lisp
Symlinking /home/brl/object_picker/devel/share/common-lisp/ros/panda_gazebo/msg/BoundingRegion.lisp
Symlinking /home/brl/object_picker/devel/share/common-lisp/ros/panda_gazebo/msg/_package_FollowJointTrajectoryGoal.lisp
Symlinking /home/brl/object_picker/devel/lib/libpanda_gazebo.so
Symlinking /home/brl/object_picker/devel/lib/python3/dist-packages/panda_gazebo/__init__.py
Symlinking /home/brl/object_picker/devel/lib/python3/dist-packages/panda_gazebo/cfg/JointPositionsConfig.py
Symlinking /home/brl/object_picker/devel/lib/python3/dist-packages/panda_gazebo/cfg/MoveitServerConfig.py
Symlinking /home/brl/object_picker/devel/lib/python3/dist-packages/panda_gazebo/cfg/__init__.py
Symlinking /home/brl/object_picker/devel/lib/python3/dist-packages/panda_gazebo/cfg/JointEffortsConfig.py
Symlinking /home/brl/object_picker/devel/lib/python3/dist-packages/panda_gazebo/srv/_SetEe.py
Symlinking /home/brl/object_picker/devel/lib/python3/dist-packages/panda_gazebo/srv/_GetControlledJoints.py
Symlinking /home/brl/object_picker/devel/lib/python3/dist-packages/panda_gazebo/srv/_GetEePose.py
Symlinking /home/brl/object_picker/devel/lib/python3/dist-packages/panda_gazebo/srv/_LockJoints.py
Symlinking /home/brl/object_picker/devel/lib/python3/dist-packages/panda_gazebo/srv/_GetEe.py
Symlinking /home/brl/object_picker/devel/lib/python3/dist-packages/panda_gazebo/srv/_GetRandomJointPositions.py
Symlinking /home/brl/object_picker/devel/lib/python3/dist-packages/panda_gazebo/srv/_SetJointCommands.py
Symlinking /home/brl/object_picker/devel/lib/python3/dist-packages/panda_gazebo/srv/_GetEePoseJointConfig.py
Symlinking /home/brl/object_picker/devel/lib/python3/dist-packages/panda_gazebo/srv/_SetJointPositions.py
Symlinking /home/brl/object_picker/devel/lib/python3/dist-packages/panda_gazebo/srv/_SetEePose.py
Symlinking /home/brl/object_picker/devel/lib/python3/dist-packages/panda_gazebo/srv/_AddBox.py
Symlinking /home/brl/object_picker/devel/lib/python3/dist-packages/panda_gazebo/srv/_SetGripperWidth.py
Symlinking /home/brl/object_picker/devel/lib/python3/dist-packages/panda_gazebo/srv/__init__.py
Symlinking /home/brl/object_picker/devel/lib/python3/dist-packages/panda_gazebo/srv/_GetRandomEePose.py
Symlinking /home/brl/object_picker/devel/lib/python3/dist-packages/panda_gazebo/srv/_SetJointEfforts.py
Symlinking /home/brl/object_picker/devel/lib/python3/dist-packages/panda_gazebo/srv/_GetEeRpy.py
Symlinking /home/brl/object_picker/devel/lib/python3/dist-packages/panda_gazebo/srv/_AddPlane.py
Symlinking /home/brl/object_picker/devel/lib/python3/dist-packages/panda_gazebo/srv/_GetMoveItControlledJoints.py
Symlinking /home/brl/object_picker/devel/lib/python3/dist-packages/panda_gazebo/msg/_FollowJointTrajectoryActionResult.py
Symlinking /home/brl/object_picker/devel/lib/python3/dist-packages/panda_gazebo/msg/_BoundingRegion.py
Symlinking /home/brl/object_picker/devel/lib/python3/dist-packages/panda_gazebo/msg/_FollowJointTrajectoryActionFeedback.py
Symlinking /home/brl/object_picker/devel/lib/python3/dist-packages/panda_gazebo/msg/_FollowJointTrajectoryAction.py
Symlinking /home/brl/object_picker/devel/lib/python3/dist-packages/panda_gazebo/msg/_FollowJointTrajectoryFeedback.py
Symlinking /home/brl/object_picker/devel/lib/python3/dist-packages/panda_gazebo/msg/_FollowJointTrajectoryActionGoal.py
Symlinking /home/brl/object_picker/devel/lib/python3/dist-packages/panda_gazebo/msg/_FollowJointTrajectoryGoal.py
Symlinking /home/brl/object_picker/devel/lib/python3/dist-packages/panda_gazebo/msg/_JointLimits.py
Symlinking /home/brl/object_picker/devel/lib/python3/dist-packages/panda_gazebo/msg/__init__.py
Symlinking /home/brl/object_picker/devel/lib/python3/dist-packages/panda_gazebo/msg/_FollowJointTrajectoryResult.py
Symlinking /home/brl/object_picker/devel/lib/pkgconfig/panda_gazebo.pc
Symlinking /home/brl/object_picker/devel/include/panda_gazebo/GetRandomJointPositionsResponse.h
Symlinking /home/brl/object_picker/devel/include/panda_gazebo/GetEeRpy.h
Symlinking /home/brl/object_picker/devel/include/panda_gazebo/GetRandomJointPositions.h
Symlinking /home/brl/object_picker/devel/include/panda_gazebo/GetEePose.h
Symlinking /home/brl/object_picker/devel/include/panda_gazebo/JointLimits.h
Symlinking /home/brl/object_picker/devel/include/panda_gazebo/SetJointEfforts.h
Symlinking /home/brl/object_picker/devel/include/panda_gazebo/GetControlledJointsRequest.h
Symlinking /home/brl/object_picker/devel/include/panda_gazebo/GetControlledJointsResponse.h
Symlinking /home/brl/object_picker/devel/include/panda_gazebo/GetEePoseJointConfigRequest.h
Symlinking /home/brl/object_picker/devel/include/panda_gazebo/SetGripperWidth.h
Symlinking /home/brl/object_picker/devel/include/panda_gazebo/FollowJointTrajectoryResult.h
Symlinking /home/brl/object_picker/devel/include/panda_gazebo/SetGripperWidthRequest.h
Symlinking /home/brl/object_picker/devel/include/panda_gazebo/FollowJointTrajectoryGoal.h
Symlinking /home/brl/object_picker/devel/include/panda_gazebo/GetRandomEePoseResponse.h
Symlinking /home/brl/object_picker/devel/include/panda_gazebo/GetEeResponse.h
Symlinking /home/brl/object_picker/devel/include/panda_gazebo/SetJointEffortsResponse.h
Symlinking /home/brl/object_picker/devel/include/panda_gazebo/SetGripperWidthResponse.h
Symlinking /home/brl/object_picker/devel/include/panda_gazebo/AddBoxRequest.h
Symlinking /home/brl/object_picker/devel/include/panda_gazebo/LockJointsRequest.h
Symlinking /home/brl/object_picker/devel/include/panda_gazebo/JointEffortsConfig.h
Symlinking /home/brl/object_picker/devel/include/panda_gazebo/SetEePoseRequest.h
Symlinking /home/brl/object_picker/devel/include/panda_gazebo/SetJointCommands.h
Symlinking /home/brl/object_picker/devel/include/panda_gazebo/SetEePose.h
Symlinking /home/brl/object_picker/devel/include/panda_gazebo/SetJointPositionsResponse.h
Symlinking /home/brl/object_picker/devel/include/panda_gazebo/AddBoxResponse.h
Symlinking /home/brl/object_picker/devel/include/panda_gazebo/GetRandomJointPositionsRequest.h
Symlinking /home/brl/object_picker/devel/include/panda_gazebo/GetEePoseRequest.h
Symlinking /home/brl/object_picker/devel/include/panda_gazebo/GetEePoseResponse.h
Symlinking /home/brl/object_picker/devel/include/panda_gazebo/AddPlaneRequest.h
Symlinking /home/brl/object_picker/devel/include/panda_gazebo/FollowJointTrajectoryFeedback.h
Symlinking /home/brl/object_picker/devel/include/panda_gazebo/SetJointPositionsRequest.h
Symlinking /home/brl/object_picker/devel/include/panda_gazebo/BoundingRegion.h
Symlinking /home/brl/object_picker/devel/include/panda_gazebo/GetRandomEePose.h
Symlinking /home/brl/object_picker/devel/include/panda_gazebo/SetEePoseResponse.h
Symlinking /home/brl/object_picker/devel/include/panda_gazebo/FollowJointTrajectoryActionResult.h
Symlinking /home/brl/object_picker/devel/include/panda_gazebo/MoveitServerConfig.h
Symlinking /home/brl/object_picker/devel/include/panda_gazebo/GetMoveItControlledJoints.h
Symlinking /home/brl/object_picker/devel/include/panda_gazebo/SetJointPositions.h
Symlinking /home/brl/object_picker/devel/include/panda_gazebo/JointPositionsConfig.h
Symlinking /home/brl/object_picker/devel/include/panda_gazebo/FollowJointTrajectoryActionGoal.h
Symlinking /home/brl/object_picker/devel/include/panda_gazebo/FollowJointTrajectoryAction.h
Symlinking /home/brl/object_picker/devel/include/panda_gazebo/GetEeRpyRequest.h
Symlinking /home/brl/object_picker/devel/include/panda_gazebo/GetEePoseJointConfig.h
Symlinking /home/brl/object_picker/devel/include/panda_gazebo/AddPlaneResponse.h
Symlinking /home/brl/object_picker/devel/include/panda_gazebo/GetEeRpyResponse.h
Symlinking /home/brl/object_picker/devel/include/panda_gazebo/SetEe.h
Symlinking /home/brl/object_picker/devel/include/panda_gazebo/SetJointEffortsRequest.h
Symlinking /home/brl/object_picker/devel/include/panda_gazebo/LockJoints.h
Symlinking /home/brl/object_picker/devel/include/panda_gazebo/GetControlledJoints.h
Symlinking /home/brl/object_picker/devel/include/panda_gazebo/GetMoveItControlledJointsResponse.h
Symlinking /home/brl/object_picker/devel/include/panda_gazebo/GetEe.h
Symlinking /home/brl/object_picker/devel/include/panda_gazebo/GetEePoseJointConfigResponse.h
Symlinking /home/brl/object_picker/devel/include/panda_gazebo/GetEeRequest.h
Symlinking /home/brl/object_picker/devel/include/panda_gazebo/SetJointCommandsResponse.h
Symlinking /home/brl/object_picker/devel/include/panda_gazebo/AddBox.h
Symlinking /home/brl/object_picker/devel/include/panda_gazebo/SetEeRequest.h
Symlinking /home/brl/object_picker/devel/include/panda_gazebo/SetJointCommandsRequest.h
Symlinking /home/brl/object_picker/devel/include/panda_gazebo/GetRandomEePoseRequest.h
Symlinking /home/brl/object_picker/devel/include/panda_gazebo/LockJointsResponse.h
Symlinking /home/brl/object_picker/devel/include/panda_gazebo/AddPlane.h
Symlinking /home/brl/object_picker/devel/include/panda_gazebo/FollowJointTrajectoryActionFeedback.h
Symlinking /home/brl/object_picker/devel/include/panda_gazebo/GetMoveItControlledJointsRequest.h
Symlinking /home/brl/object_picker/devel/include/panda_gazebo/SetEeResponse.h
