[35m[1mScanning dependencies of target geometry_msgs_generate_messages_py[0m
[35m[1mScanning dependencies of target panda_gazebo_gencfg[0m
[35m[1mScanning dependencies of target tf_generate_messages_nodejs[0m
[35m[1mScanning dependencies of target _panda_gazebo_generate_messages_check_deps_SetGripperWidth[0m
[  1%] [34m[1mGenerating dynamic reconfigure files from cfg/dyn_reconf/MoveitServerDynReconf.cfg: /home/brl/object_picker/devel/.private/panda_gazebo/include/panda_gazebo/MoveitServerDynReconfConfig.h /home/brl/object_picker/devel/.private/panda_gazebo/lib/python3/dist-packages/panda_gazebo/cfg/MoveitServerDynReconfConfig.py[0m
[  1%] Built target geometry_msgs_generate_messages_py
[  1%] Built target tf_generate_messages_nodejs
[35m[1mScanning dependencies of target _panda_gazebo_generate_messages_check_deps_LockJoints[0m
[35m[1mScanning dependencies of target _panda_gazebo_generate_messages_check_deps_GetRandomJointPositions[0m
[  1%] Built target _panda_gazebo_generate_messages_check_deps_SetGripperWidth
Generating reconfiguration files for MoveitServer in panda_gazebo
Wrote header file in /home/brl/object_picker/devel/.private/panda_gazebo/include/panda_gazebo/MoveitServerConfig.h
[  1%] Built target _panda_gazebo_generate_messages_check_deps_LockJoints
[  2%] [34m[1mGenerating dynamic reconfigure files from cfg/dyn_reconf/PositionControlTestDynReconf.cfg: /home/brl/object_picker/devel/.private/panda_gazebo/include/panda_gazebo/PositionControlTestDynReconfConfig.h /home/brl/object_picker/devel/.private/panda_gazebo/lib/python3/dist-packages/panda_gazebo/cfg/PositionControlTestDynReconfConfig.py[0m
[  2%] Built target _panda_gazebo_generate_messages_check_deps_GetRandomJointPositions
[35m[1mScanning dependencies of target _panda_gazebo_generate_messages_check_deps_GetMoveItControlledJoints[0m
[  2%] [34m[1mGenerating dynamic reconfigure files from cfg/dyn_reconf/EffortControlTestDynReconf.cfg: /home/brl/object_picker/devel/.private/panda_gazebo/include/panda_gazebo/EffortControlTestDynReconfConfig.h /home/brl/object_picker/devel/.private/panda_gazebo/lib/python3/dist-packages/panda_gazebo/cfg/EffortControlTestDynReconfConfig.py[0m
[35m[1mScanning dependencies of target _panda_gazebo_generate_messages_check_deps_GetEeRpy[0m
[  2%] Built target _panda_gazebo_generate_messages_check_deps_GetMoveItControlledJoints
Generating reconfiguration files for JointPositions in panda_gazebo
Wrote header file in /home/brl/object_picker/devel/.private/panda_gazebo/include/panda_gazebo/JointPositionsConfig.h
[35m[1mScanning dependencies of target _panda_gazebo_generate_messages_check_deps_GetEe[0m
Generating reconfiguration files for JointEfforts in panda_gazebo
Wrote header file in /home/brl/object_picker/devel/.private/panda_gazebo/include/panda_gazebo/JointEffortsConfig.h
[  2%] Built target _panda_gazebo_generate_messages_check_deps_GetEeRpy
[35m[1mScanning dependencies of target _panda_gazebo_generate_messages_check_deps_SetJointCommands[0m
[35m[1mScanning dependencies of target _panda_gazebo_generate_messages_check_deps_GetControlledJoints[0m
[  2%] Built target _panda_gazebo_generate_messages_check_deps_GetEe
[35m[1mScanning dependencies of target _panda_gazebo_generate_messages_check_deps_SetEePose[0m
[  2%] Built target _panda_gazebo_generate_messages_check_deps_SetJointCommands
[35m[1mScanning dependencies of target _panda_gazebo_generate_messages_check_deps_FollowJointTrajectoryFeedback[0m
[  2%] Built target _panda_gazebo_generate_messages_check_deps_GetControlledJoints
[35m[1mScanning dependencies of target _panda_gazebo_generate_messages_check_deps_FollowJointTrajectoryGoal[0m
[  2%] Built target _panda_gazebo_generate_messages_check_deps_SetEePose
[  2%] Built target panda_gazebo_gencfg
[35m[1mScanning dependencies of target _panda_gazebo_generate_messages_check_deps_FollowJointTrajectoryActionFeedback[0m
[35m[1mScanning dependencies of target _panda_gazebo_generate_messages_check_deps_FollowJointTrajectoryAction[0m
[  2%] Built target _panda_gazebo_generate_messages_check_deps_FollowJointTrajectoryFeedback
[35m[1mScanning dependencies of target _panda_gazebo_generate_messages_check_deps_GetEePoseJointConfig[0m
[  2%] Built target _panda_gazebo_generate_messages_check_deps_FollowJointTrajectoryGoal
[35m[1mScanning dependencies of target _panda_gazebo_generate_messages_check_deps_AddBox[0m
[  2%] Built target _panda_gazebo_generate_messages_check_deps_FollowJointTrajectoryActionFeedback
[  2%] Built target _panda_gazebo_generate_messages_check_deps_FollowJointTrajectoryAction
[  2%] Built target _panda_gazebo_generate_messages_check_deps_AddBox
[35m[1mScanning dependencies of target _panda_gazebo_generate_messages_check_deps_JointLimits[0m
[35m[1mScanning dependencies of target _panda_gazebo_generate_messages_check_deps_BoundingRegion[0m
[  2%] Built target _panda_gazebo_generate_messages_check_deps_GetEePoseJointConfig
[35m[1mScanning dependencies of target _panda_gazebo_generate_messages_check_deps_SetJointEfforts[0m
[35m[1mScanning dependencies of target _panda_gazebo_generate_messages_check_deps_SetEe[0m
[  2%] Built target _panda_gazebo_generate_messages_check_deps_JointLimits
[  2%] Built target _panda_gazebo_generate_messages_check_deps_BoundingRegion
[35m[1mScanning dependencies of target actionlib_msgs_generate_messages_py[0m
[35m[1mScanning dependencies of target _panda_gazebo_generate_messages_check_deps_SetJointPositions[0m
[  2%] Built target _panda_gazebo_generate_messages_check_deps_SetEe
[  2%] Built target actionlib_msgs_generate_messages_py
[  2%] Built target _panda_gazebo_generate_messages_check_deps_SetJointEfforts
[35m[1mScanning dependencies of target control_msgs_generate_messages_py[0m
[35m[1mScanning dependencies of target std_msgs_generate_messages_py[0m
[35m[1mScanning dependencies of target _panda_gazebo_generate_messages_check_deps_FollowJointTrajectoryActionResult[0m
[  2%] Built target std_msgs_generate_messages_py
[  2%] Built target control_msgs_generate_messages_py
[  2%] Built target _panda_gazebo_generate_messages_check_deps_SetJointPositions
[35m[1mScanning dependencies of target _panda_gazebo_generate_messages_check_deps_FollowJointTrajectoryResult[0m
[35m[1mScanning dependencies of target _panda_gazebo_generate_messages_check_deps_GetEePose[0m
[35m[1mScanning dependencies of target _panda_gazebo_generate_messages_check_deps_FollowJointTrajectoryActionGoal[0m
[  2%] Built target _panda_gazebo_generate_messages_check_deps_FollowJointTrajectoryActionResult
[35m[1mScanning dependencies of target _panda_gazebo_generate_messages_check_deps_GetRandomEePose[0m
[  2%] Built target _panda_gazebo_generate_messages_check_deps_FollowJointTrajectoryResult
[  2%] Built target _panda_gazebo_generate_messages_check_deps_GetEePose
[35m[1mScanning dependencies of target _panda_gazebo_generate_messages_check_deps_AddPlane[0m
[35m[1mScanning dependencies of target trajectory_msgs_generate_messages_py[0m
[  2%] Built target _panda_gazebo_generate_messages_check_deps_FollowJointTrajectoryActionGoal
[  2%] Built target trajectory_msgs_generate_messages_py
[35m[1mScanning dependencies of target control_msgs_generate_messages_cpp[0m
[  2%] Built target _panda_gazebo_generate_messages_check_deps_GetRandomEePose
[35m[1mScanning dependencies of target trajectory_msgs_generate_messages_cpp[0m
[35m[1mScanning dependencies of target std_msgs_generate_messages_cpp[0m
[  2%] Built target control_msgs_generate_messages_cpp
[  2%] Built target trajectory_msgs_generate_messages_cpp
[35m[1mScanning dependencies of target actionlib_msgs_generate_messages_cpp[0m
[  2%] Built target std_msgs_generate_messages_cpp
[35m[1mScanning dependencies of target geometry_msgs_generate_messages_cpp[0m
[  2%] Built target _panda_gazebo_generate_messages_check_deps_AddPlane
[35m[1mScanning dependencies of target std_msgs_generate_messages_eus[0m
[  2%] Built target actionlib_msgs_generate_messages_cpp
[  2%] Built target geometry_msgs_generate_messages_cpp
[35m[1mScanning dependencies of target geometry_msgs_generate_messages_eus[0m
[35m[1mScanning dependencies of target actionlib_msgs_generate_messages_eus[0m
[35m[1mScanning dependencies of target control_msgs_generate_messages_eus[0m
[  2%] Built target std_msgs_generate_messages_eus
[  2%] Built target actionlib_msgs_generate_messages_eus
[  2%] Built target control_msgs_generate_messages_eus
[  2%] Built target geometry_msgs_generate_messages_eus
[35m[1mScanning dependencies of target trajectory_msgs_generate_messages_eus[0m
[35m[1mScanning dependencies of target gazebo_msgs_generate_messages_nodejs[0m
[35m[1mScanning dependencies of target gazebo_msgs_generate_messages_cpp[0m
[35m[1mScanning dependencies of target gazebo_msgs_generate_messages_py[0m
[  2%] Built target gazebo_msgs_generate_messages_nodejs
[  2%] Built target gazebo_msgs_generate_messages_cpp
[  2%] Built target trajectory_msgs_generate_messages_eus
[  2%] Built target gazebo_msgs_generate_messages_py
[35m[1mScanning dependencies of target tf2_msgs_generate_messages_nodejs[0m
[35m[1mScanning dependencies of target tf2_msgs_generate_messages_lisp[0m
[35m[1mScanning dependencies of target actionlib_generate_messages_py[0m
[  2%] Built target tf2_msgs_generate_messages_nodejs
[35m[1mScanning dependencies of target actionlib_generate_messages_nodejs[0m
[  2%] Built target actionlib_generate_messages_py
[  2%] Built target tf2_msgs_generate_messages_lisp
[35m[1mScanning dependencies of target actionlib_generate_messages_cpp[0m
[35m[1mScanning dependencies of target tf2_msgs_generate_messages_eus[0m
[  2%] Built target actionlib_generate_messages_nodejs
[35m[1mScanning dependencies of target sensor_msgs_generate_messages_py[0m
[  2%] Built target actionlib_generate_messages_cpp
[  2%] Built target tf2_msgs_generate_messages_eus
[35m[1mScanning dependencies of target sensor_msgs_generate_messages_nodejs[0m
[35m[1mScanning dependencies of target trajectory_msgs_generate_messages_nodejs[0m
[  2%] Built target sensor_msgs_generate_messages_py
[35m[1mScanning dependencies of target rosgraph_msgs_generate_messages_nodejs[0m
[  2%] Built target sensor_msgs_generate_messages_nodejs
[  2%] Built target trajectory_msgs_generate_messages_nodejs
[  2%] Built target rosgraph_msgs_generate_messages_nodejs
[35m[1mScanning dependencies of target trajectory_msgs_generate_messages_lisp[0m
[35m[1mScanning dependencies of target actionlib_generate_messages_lisp[0m
[35m[1mScanning dependencies of target std_msgs_generate_messages_nodejs[0m
[35m[1mScanning dependencies of target roscpp_generate_messages_lisp[0m
[  2%] Built target trajectory_msgs_generate_messages_lisp
[  2%] Built target actionlib_generate_messages_lisp
[  2%] Built target std_msgs_generate_messages_nodejs
[  2%] Built target roscpp_generate_messages_lisp
[35m[1mScanning dependencies of target rosgraph_msgs_generate_messages_py[0m
[35m[1mScanning dependencies of target rosgraph_msgs_generate_messages_lisp[0m
[35m[1mScanning dependencies of target geometry_msgs_generate_messages_lisp[0m
[35m[1mScanning dependencies of target tf_generate_messages_eus[0m
[  2%] Built target rosgraph_msgs_generate_messages_py
[  2%] Built target rosgraph_msgs_generate_messages_lisp
[  2%] Built target geometry_msgs_generate_messages_lisp
[  2%] Built target tf_generate_messages_eus
[35m[1mScanning dependencies of target tf_generate_messages_cpp[0m
[35m[1mScanning dependencies of target std_srvs_generate_messages_cpp[0m
[35m[1mScanning dependencies of target std_srvs_generate_messages_nodejs[0m
[35m[1mScanning dependencies of target std_msgs_generate_messages_lisp[0m
[  2%] Built target tf_generate_messages_cpp
[  2%] Built target std_srvs_generate_messages_cpp
[  2%] Built target std_srvs_generate_messages_nodejs
[  2%] Built target std_msgs_generate_messages_lisp
[35m[1mScanning dependencies of target dynamic_reconfigure_generate_messages_py[0m
[35m[1mScanning dependencies of target control_msgs_generate_messages_nodejs[0m
[35m[1mScanning dependencies of target tf_generate_messages_lisp[0m
[35m[1mScanning dependencies of target dynamic_reconfigure_generate_messages_cpp[0m
[  2%] Built target dynamic_reconfigure_generate_messages_py
[  2%] Built target control_msgs_generate_messages_nodejs
[  2%] Built target tf_generate_messages_lisp
[  2%] Built target dynamic_reconfigure_generate_messages_cpp
[35m[1mScanning dependencies of target gazebo_msgs_generate_messages_eus[0m
[35m[1mScanning dependencies of target geometry_msgs_generate_messages_nodejs[0m
[35m[1mScanning dependencies of target dynamic_reconfigure_generate_messages_eus[0m
[  2%] Built target gazebo_msgs_generate_messages_eus
[35m[1mScanning dependencies of target dynamic_reconfigure_gencfg[0m
[  2%] Built target dynamic_reconfigure_generate_messages_eus
[  2%] Built target geometry_msgs_generate_messages_nodejs
[35m[1mScanning dependencies of target tf2_msgs_generate_messages_cpp[0m
[35m[1mScanning dependencies of target dynamic_reconfigure_generate_messages_lisp[0m
[  2%] Built target dynamic_reconfigure_gencfg
[35m[1mScanning dependencies of target actionlib_msgs_generate_messages_nodejs[0m
[  2%] Built target tf2_msgs_generate_messages_cpp
[  2%] Built target actionlib_msgs_generate_messages_nodejs
[35m[1mScanning dependencies of target std_srvs_generate_messages_lisp[0m
[  2%] Built target dynamic_reconfigure_generate_messages_lisp
[35m[1mScanning dependencies of target tf2_msgs_generate_messages_py[0m
[35m[1mScanning dependencies of target dynamic_reconfigure_generate_messages_nodejs[0m
[  2%] Built target std_srvs_generate_messages_lisp
[35m[1mScanning dependencies of target gazebo_msgs_generate_messages_lisp[0m
[  2%] Built target tf2_msgs_generate_messages_py
[35m[1mScanning dependencies of target sensor_msgs_generate_messages_cpp[0m
[  2%] Built target dynamic_reconfigure_generate_messages_nodejs
[  2%] Built target gazebo_msgs_generate_messages_lisp
[35m[1mScanning dependencies of target roscpp_generate_messages_cpp[0m
[35m[1mScanning dependencies of target sensor_msgs_generate_messages_lisp[0m
[  2%] Built target sensor_msgs_generate_messages_cpp
[35m[1mScanning dependencies of target control_msgs_generate_messages_lisp[0m
[  2%] Built target sensor_msgs_generate_messages_lisp
[  2%] Built target roscpp_generate_messages_cpp
[  2%] Built target control_msgs_generate_messages_lisp
[35m[1mScanning dependencies of target sensor_msgs_generate_messages_eus[0m
[35m[1mScanning dependencies of target roscpp_generate_messages_eus[0m
[35m[1mScanning dependencies of target roscpp_generate_messages_nodejs[0m
[  2%] Built target sensor_msgs_generate_messages_eus
[35m[1mScanning dependencies of target roscpp_generate_messages_py[0m
[  2%] Built target roscpp_generate_messages_nodejs
[  2%] Built target roscpp_generate_messages_eus
[35m[1mScanning dependencies of target actionlib_msgs_generate_messages_lisp[0m
[  2%] Built target roscpp_generate_messages_py
[35m[1mScanning dependencies of target actionlib_generate_messages_eus[0m
[35m[1mScanning dependencies of target tf_generate_messages_py[0m
[  2%] Built target actionlib_msgs_generate_messages_lisp
[  2%] Built target tf_generate_messages_py
[  2%] Built target actionlib_generate_messages_eus
[35m[1mScanning dependencies of target rosgraph_msgs_generate_messages_eus[0m
[35m[1mScanning dependencies of target rosgraph_msgs_generate_messages_cpp[0m
[35m[1mScanning dependencies of target std_srvs_generate_messages_py[0m
[35m[1mScanning dependencies of target gazebo_ros_gencfg[0m
[  2%] Built target rosgraph_msgs_generate_messages_eus
[  2%] Built target rosgraph_msgs_generate_messages_cpp
[  2%] Built target std_srvs_generate_messages_py
[  2%] Built target gazebo_ros_gencfg
[35m[1mScanning dependencies of target std_srvs_generate_messages_eus[0m
[35m[1mScanning dependencies of target panda_gazebo_generate_messages_lisp[0m
[35m[1mScanning dependencies of target panda_gazebo_generate_messages_cpp[0m
[35m[1mScanning dependencies of target panda_gazebo_generate_messages_py[0m
[  2%] Built target std_srvs_generate_messages_eus
[  2%] [34m[1mGenerating Lisp code from panda_gazebo/BoundingRegion.msg[0m
[  3%] [34m[1mGenerating C++ code from panda_gazebo/BoundingRegion.msg[0m
[  4%] [34m[1mGenerating Python from MSG panda_gazebo/BoundingRegion[0m
[  5%] [34m[1mGenerating C++ code from panda_gazebo/JointLimits.msg[0m
[  6%] [34m[1mGenerating Lisp code from panda_gazebo/JointLimits.msg[0m
[  6%] [34m[1mGenerating C++ code from panda_gazebo/FollowJointTrajectoryAction.msg[0m
[  7%] [34m[1mGenerating Lisp code from panda_gazebo/FollowJointTrajectoryAction.msg[0m
[  8%] [34m[1mGenerating Python from MSG panda_gazebo/JointLimits[0m
[  9%] [34m[1mGenerating C++ code from panda_gazebo/FollowJointTrajectoryActionGoal.msg[0m
[  9%] [34m[1mGenerating Lisp code from panda_gazebo/FollowJointTrajectoryActionGoal.msg[0m
[ 10%] [34m[1mGenerating Lisp code from panda_gazebo/FollowJointTrajectoryActionResult.msg[0m
[ 10%] [34m[1mGenerating Python from MSG panda_gazebo/FollowJointTrajectoryAction[0m
[ 11%] [34m[1mGenerating C++ code from panda_gazebo/FollowJointTrajectoryActionResult.msg[0m
[ 12%] [34m[1mGenerating Lisp code from panda_gazebo/FollowJointTrajectoryActionFeedback.msg[0m
[ 13%] [34m[1mGenerating Python from MSG panda_gazebo/FollowJointTrajectoryActionGoal[0m
[ 14%] [34m[1mGenerating Lisp code from panda_gazebo/FollowJointTrajectoryGoal.msg[0m
[ 15%] [34m[1mGenerating C++ code from panda_gazebo/FollowJointTrajectoryActionFeedback.msg[0m
[ 16%] [34m[1mGenerating Lisp code from panda_gazebo/FollowJointTrajectoryResult.msg[0m
[ 16%] [34m[1mGenerating Python from MSG panda_gazebo/FollowJointTrajectoryActionResult[0m
[ 16%] [34m[1mGenerating Python from MSG panda_gazebo/FollowJointTrajectoryActionFeedback[0m
[ 17%] [34m[1mGenerating Lisp code from panda_gazebo/FollowJointTrajectoryFeedback.msg[0m
[ 18%] [34m[1mGenerating Lisp code from panda_gazebo/AddBox.srv[0m
[ 18%] [34m[1mGenerating C++ code from panda_gazebo/FollowJointTrajectoryGoal.msg[0m
[ 18%] [34m[1mGenerating Lisp code from panda_gazebo/AddPlane.srv[0m
[ 20%] [34m[1mGenerating Python from MSG panda_gazebo/FollowJointTrajectoryGoal[0m
[ 21%] [34m[1mGenerating Lisp code from panda_gazebo/GetControlledJoints.srv[0m
[ 22%] [34m[1mGenerating C++ code from panda_gazebo/FollowJointTrajectoryResult.msg[0m
[ 23%] [34m[1mGenerating C++ code from panda_gazebo/FollowJointTrajectoryFeedback.msg[0m
[ 24%] [34m[1mGenerating Lisp code from panda_gazebo/GetEe.srv[0m
[ 24%] [34m[1mGenerating C++ code from panda_gazebo/AddBox.srv[0m
[ 24%] [34m[1mGenerating Lisp code from panda_gazebo/GetEePose.srv[0m
[ 25%] [34m[1mGenerating Python from MSG panda_gazebo/FollowJointTrajectoryResult[0m
[ 26%] [34m[1mGenerating Lisp code from panda_gazebo/GetEePoseJointConfig.srv[0m
[ 27%] [34m[1mGenerating C++ code from panda_gazebo/AddPlane.srv[0m
[ 28%] [34m[1mGenerating Lisp code from panda_gazebo/GetEeRpy.srv[0m
[ 28%] [34m[1mGenerating Lisp code from panda_gazebo/GetMoveItControlledJoints.srv[0m
[ 29%] [34m[1mGenerating Lisp code from panda_gazebo/GetRandomEePose.srv[0m
[ 29%] [34m[1mGenerating Python from MSG panda_gazebo/FollowJointTrajectoryFeedback[0m
[ 30%] [34m[1mGenerating C++ code from panda_gazebo/GetControlledJoints.srv[0m
[ 30%] [34m[1mGenerating C++ code from panda_gazebo/GetEe.srv[0m
[ 31%] [34m[1mGenerating Lisp code from panda_gazebo/GetRandomJointPositions.srv[0m
[ 31%] [34m[1mGenerating Lisp code from panda_gazebo/LockJoints.srv[0m
[ 32%] [34m[1mGenerating Python code from SRV panda_gazebo/AddBox[0m
[ 33%] [34m[1mGenerating Lisp code from panda_gazebo/SetEe.srv[0m
[ 34%] [34m[1mGenerating C++ code from panda_gazebo/GetEePose.srv[0m
[ 35%] [34m[1mGenerating Python code from SRV panda_gazebo/AddPlane[0m
[ 36%] [34m[1mGenerating Lisp code from panda_gazebo/SetEePose.srv[0m
[ 36%] [34m[1mGenerating Lisp code from panda_gazebo/SetGripperWidth.srv[0m
[ 37%] [34m[1mGenerating C++ code from panda_gazebo/GetEePoseJointConfig.srv[0m
[ 38%] [34m[1mGenerating Python code from SRV panda_gazebo/GetControlledJoints[0m
[ 40%] [34m[1mGenerating Lisp code from panda_gazebo/SetJointCommands.srv[0m
[ 40%] [34m[1mGenerating C++ code from panda_gazebo/GetEeRpy.srv[0m
[ 41%] [34m[1mGenerating Lisp code from panda_gazebo/SetJointEfforts.srv[0m
[ 42%] [34m[1mGenerating Lisp code from panda_gazebo/SetJointPositions.srv[0m
[ 42%] [34m[1mGenerating Python code from SRV panda_gazebo/GetEe[0m
[ 43%] [34m[1mGenerating C++ code from panda_gazebo/GetMoveItControlledJoints.srv[0m
[35m[1mScanning dependencies of target panda_gazebo_generate_messages_eus[0m
[ 44%] [34m[1mGenerating EusLisp code from panda_gazebo/BoundingRegion.msg[0m
[ 44%] Built target panda_gazebo_generate_messages_lisp
[ 45%] [34m[1mGenerating C++ code from panda_gazebo/GetRandomEePose.srv[0m
[ 46%] [34m[1mGenerating EusLisp code from panda_gazebo/JointLimits.msg[0m
[ 47%] [34m[1mGenerating Python code from SRV panda_gazebo/GetEePose[0m
[ 47%] [34m[1mGenerating EusLisp code from panda_gazebo/FollowJointTrajectoryAction.msg[0m
[ 47%] [34m[1mGenerating C++ code from panda_gazebo/GetRandomJointPositions.srv[0m
[ 48%] [34m[1mGenerating C++ code from panda_gazebo/LockJoints.srv[0m
[ 49%] [34m[1mGenerating Python code from SRV panda_gazebo/GetEePoseJointConfig[0m
[ 50%] [34m[1mGenerating EusLisp code from panda_gazebo/FollowJointTrajectoryActionGoal.msg[0m
[ 50%] [34m[1mGenerating Python code from SRV panda_gazebo/GetEeRpy[0m
[ 51%] [34m[1mGenerating EusLisp code from panda_gazebo/FollowJointTrajectoryActionResult.msg[0m
[ 52%] [34m[1mGenerating C++ code from panda_gazebo/SetEe.srv[0m
[ 53%] [34m[1mGenerating Python code from SRV panda_gazebo/GetMoveItControlledJoints[0m
[ 53%] [34m[1mGenerating EusLisp code from panda_gazebo/FollowJointTrajectoryActionFeedback.msg[0m
[ 54%] [34m[1mGenerating EusLisp code from panda_gazebo/FollowJointTrajectoryGoal.msg[0m
[ 55%] [34m[1mGenerating EusLisp code from panda_gazebo/FollowJointTrajectoryResult.msg[0m
[ 56%] [34m[1mGenerating Python code from SRV panda_gazebo/GetRandomEePose[0m
[ 56%] [34m[1mGenerating Python code from SRV panda_gazebo/GetRandomJointPositions[0m
[ 56%] [34m[1mGenerating C++ code from panda_gazebo/SetEePose.srv[0m
[ 56%] [34m[1mGenerating EusLisp code from panda_gazebo/FollowJointTrajectoryFeedback.msg[0m
[ 57%] [34m[1mGenerating C++ code from panda_gazebo/SetGripperWidth.srv[0m
[ 58%] [34m[1mGenerating EusLisp code from panda_gazebo/AddBox.srv[0m
[ 60%] [34m[1mGenerating Python code from SRV panda_gazebo/LockJoints[0m
[ 61%] [34m[1mGenerating C++ code from panda_gazebo/SetJointCommands.srv[0m
[ 62%] [34m[1mGenerating EusLisp code from panda_gazebo/AddPlane.srv[0m
[ 63%] [34m[1mGenerating C++ code from panda_gazebo/SetJointEfforts.srv[0m
[ 64%] [34m[1mGenerating Python code from SRV panda_gazebo/SetEe[0m
[ 64%] [34m[1mGenerating EusLisp code from panda_gazebo/GetControlledJoints.srv[0m
[ 64%] [34m[1mGenerating C++ code from panda_gazebo/SetJointPositions.srv[0m
[ 65%] [34m[1mGenerating EusLisp code from panda_gazebo/GetEe.srv[0m
[ 65%] [34m[1mGenerating Python code from SRV panda_gazebo/SetEePose[0m
[ 66%] [34m[1mGenerating Python code from SRV panda_gazebo/SetGripperWidth[0m
[ 67%] [34m[1mGenerating EusLisp code from panda_gazebo/GetEePose.srv[0m
[ 67%] Built target panda_gazebo_generate_messages_cpp
[35m[1mScanning dependencies of target panda_gazebo_generate_messages_nodejs[0m
[ 67%] [34m[1mGenerating Javascript code from panda_gazebo/BoundingRegion.msg[0m
[ 68%] [34m[1mGenerating Python code from SRV panda_gazebo/SetJointCommands[0m
[ 69%] [34m[1mGenerating Javascript code from panda_gazebo/JointLimits.msg[0m
[ 69%] [34m[1mGenerating EusLisp code from panda_gazebo/GetEePoseJointConfig.srv[0m
[ 70%] [34m[1mGenerating Javascript code from panda_gazebo/FollowJointTrajectoryAction.msg[0m
[ 71%] [34m[1mGenerating EusLisp code from panda_gazebo/GetEeRpy.srv[0m
[ 71%] [34m[1mGenerating Javascript code from panda_gazebo/FollowJointTrajectoryActionGoal.msg[0m
[ 72%] [34m[1mGenerating Javascript code from panda_gazebo/FollowJointTrajectoryActionResult.msg[0m
[ 73%] [34m[1mGenerating Javascript code from panda_gazebo/FollowJointTrajectoryActionFeedback.msg[0m
[ 74%] [34m[1mGenerating Python code from SRV panda_gazebo/SetJointEfforts[0m
[ 74%] [34m[1mGenerating EusLisp code from panda_gazebo/GetMoveItControlledJoints.srv[0m
[ 75%] [34m[1mGenerating Python code from SRV panda_gazebo/SetJointPositions[0m
[ 75%] [34m[1mGenerating Javascript code from panda_gazebo/FollowJointTrajectoryGoal.msg[0m
[ 76%] [34m[1mGenerating EusLisp code from panda_gazebo/GetRandomEePose.srv[0m
[ 77%] [34m[1mGenerating Javascript code from panda_gazebo/FollowJointTrajectoryResult.msg[0m
[ 78%] [34m[1mGenerating Javascript code from panda_gazebo/FollowJointTrajectoryFeedback.msg[0m
[ 78%] [34m[1mGenerating Javascript code from panda_gazebo/AddBox.srv[0m
[ 80%] [34m[1mGenerating Python msg __init__.py for panda_gazebo[0m
[ 80%] [34m[1mGenerating EusLisp code from panda_gazebo/GetRandomJointPositions.srv[0m
[ 81%] [34m[1mGenerating EusLisp code from panda_gazebo/LockJoints.srv[0m
[ 82%] [34m[1mGenerating Javascript code from panda_gazebo/AddPlane.srv[0m
[ 83%] [34m[1mGenerating EusLisp code from panda_gazebo/SetEe.srv[0m
[ 83%] [34m[1mGenerating EusLisp code from panda_gazebo/SetEePose.srv[0m
[ 84%] [34m[1mGenerating Javascript code from panda_gazebo/GetControlledJoints.srv[0m
[ 85%] [34m[1mGenerating Python srv __init__.py for panda_gazebo[0m
[ 85%] [34m[1mGenerating Javascript code from panda_gazebo/GetEe.srv[0m
[ 86%] [34m[1mGenerating EusLisp code from panda_gazebo/SetGripperWidth.srv[0m
[ 87%] [34m[1mGenerating EusLisp code from panda_gazebo/SetJointCommands.srv[0m
[ 88%] [34m[1mGenerating Javascript code from panda_gazebo/GetEePose.srv[0m
[ 89%] [34m[1mGenerating Javascript code from panda_gazebo/GetEePoseJointConfig.srv[0m
[ 89%] Built target panda_gazebo_generate_messages_py
[ 89%] [34m[1mGenerating EusLisp code from panda_gazebo/SetJointEfforts.srv[0m
[ 89%] [34m[1mGenerating Javascript code from panda_gazebo/GetEeRpy.srv[0m
[ 90%] [34m[1mGenerating EusLisp code from panda_gazebo/SetJointPositions.srv[0m
[ 91%] [34m[1mGenerating Javascript code from panda_gazebo/GetMoveItControlledJoints.srv[0m
[ 92%] [34m[1mGenerating Javascript code from panda_gazebo/GetRandomEePose.srv[0m
[ 93%] [34m[1mGenerating Javascript code from panda_gazebo/GetRandomJointPositions.srv[0m
[ 94%] [34m[1mGenerating EusLisp manifest code for panda_gazebo[0m
[ 94%] [34m[1mGenerating Javascript code from panda_gazebo/LockJoints.srv[0m
[ 95%] [34m[1mGenerating Javascript code from panda_gazebo/SetEe.srv[0m
[ 96%] [34m[1mGenerating Javascript code from panda_gazebo/SetEePose.srv[0m
[ 96%] [34m[1mGenerating Javascript code from panda_gazebo/SetGripperWidth.srv[0m
[ 97%] [34m[1mGenerating Javascript code from panda_gazebo/SetJointCommands.srv[0m
[ 98%] [34m[1mGenerating Javascript code from panda_gazebo/SetJointEfforts.srv[0m
[ 98%] [34m[1mGenerating Javascript code from panda_gazebo/SetJointPositions.srv[0m
[ 98%] Built target panda_gazebo_generate_messages_nodejs
[ 98%] Built target panda_gazebo_generate_messages_eus
[35m[1mScanning dependencies of target panda_gazebo_generate_messages[0m
[35m[1mScanning dependencies of target panda_gazebo[0m
[ 98%] Built target panda_gazebo_generate_messages
[100%] [32mBuilding CXX object CMakeFiles/panda_gazebo.dir/src/panda_joint_locker_world_plugin.cpp.o[0m
[100%] [32m[1mLinking CXX shared library /home/brl/object_picker/devel/.private/panda_gazebo/lib/libpanda_gazebo.so[0m
[100%] Built target panda_gazebo
