Symlinking /home/brl/object_picker/devel/share/gennodejs/ros/franka_msgs/_index.js
Symlinking /home/brl/object_picker/devel/share/gennodejs/ros/franka_msgs/srv/SetEEFrame.js
Symlinking /home/brl/object_picker/devel/share/gennodejs/ros/franka_msgs/srv/_index.js
Symlinking /home/brl/object_picker/devel/share/gennodejs/ros/franka_msgs/srv/SetJointConfiguration.js
Symlinking /home/brl/object_picker/devel/share/gennodejs/ros/franka_msgs/srv/SetLoad.js
Symlinking /home/brl/object_picker/devel/share/gennodejs/ros/franka_msgs/srv/SetFullCollisionBehavior.js
Symlinking /home/brl/object_picker/devel/share/gennodejs/ros/franka_msgs/srv/SetKFrame.js
Symlinking /home/brl/object_picker/devel/share/gennodejs/ros/franka_msgs/srv/SetJointImpedance.js
Symlinking /home/brl/object_picker/devel/share/gennodejs/ros/franka_msgs/srv/SetCartesianImpedance.js
Symlinking /home/brl/object_picker/devel/share/gennodejs/ros/franka_msgs/srv/SetForceTorqueCollisionBehavior.js
Symlinking /home/brl/object_picker/devel/share/gennodejs/ros/franka_msgs/msg/Errors.js
Symlinking /home/brl/object_picker/devel/share/gennodejs/ros/franka_msgs/msg/FrankaState.js
Symlinking /home/brl/object_picker/devel/share/gennodejs/ros/franka_msgs/msg/ErrorRecoveryActionResult.js
Symlinking /home/brl/object_picker/devel/share/gennodejs/ros/franka_msgs/msg/ErrorRecoveryActionFeedback.js
Symlinking /home/brl/object_picker/devel/share/gennodejs/ros/franka_msgs/msg/ErrorRecoveryGoal.js
Symlinking /home/brl/object_picker/devel/share/gennodejs/ros/franka_msgs/msg/_index.js
Symlinking /home/brl/object_picker/devel/share/gennodejs/ros/franka_msgs/msg/ErrorRecoveryAction.js
Symlinking /home/brl/object_picker/devel/share/gennodejs/ros/franka_msgs/msg/ErrorRecoveryFeedback.js
Symlinking /home/brl/object_picker/devel/share/gennodejs/ros/franka_msgs/msg/ErrorRecoveryActionGoal.js
Symlinking /home/brl/object_picker/devel/share/gennodejs/ros/franka_msgs/msg/ErrorRecoveryResult.js
Symlinking /home/brl/object_picker/devel/share/franka_msgs/cmake/franka_msgsConfig-version.cmake
Symlinking /home/brl/object_picker/devel/share/franka_msgs/cmake/franka_msgsConfig.cmake
Symlinking /home/brl/object_picker/devel/share/franka_msgs/cmake/franka_msgs-msg-paths.cmake
Symlinking /home/brl/object_picker/devel/share/franka_msgs/cmake/franka_msgs-msg-extras.cmake
Symlinking /home/brl/object_picker/devel/share/franka_msgs/msg/ErrorRecoveryAction.msg
Symlinking /home/brl/object_picker/devel/share/franka_msgs/msg/ErrorRecoveryResult.msg
Symlinking /home/brl/object_picker/devel/share/franka_msgs/msg/ErrorRecoveryGoal.msg
Symlinking /home/brl/object_picker/devel/share/franka_msgs/msg/ErrorRecoveryActionFeedback.msg
Symlinking /home/brl/object_picker/devel/share/franka_msgs/msg/ErrorRecoveryActionResult.msg
Symlinking /home/brl/object_picker/devel/share/franka_msgs/msg/ErrorRecoveryFeedback.msg
Symlinking /home/brl/object_picker/devel/share/franka_msgs/msg/ErrorRecoveryActionGoal.msg
Symlinking /home/brl/object_picker/devel/share/roseus/ros/franka_msgs/manifest.l
Symlinking /home/brl/object_picker/devel/share/roseus/ros/franka_msgs/srv/SetKFrame.l
Symlinking /home/brl/object_picker/devel/share/roseus/ros/franka_msgs/srv/SetJointConfiguration.l
Symlinking /home/brl/object_picker/devel/share/roseus/ros/franka_msgs/srv/SetFullCollisionBehavior.l
Symlinking /home/brl/object_picker/devel/share/roseus/ros/franka_msgs/srv/SetJointImpedance.l
Symlinking /home/brl/object_picker/devel/share/roseus/ros/franka_msgs/srv/SetCartesianImpedance.l
Symlinking /home/brl/object_picker/devel/share/roseus/ros/franka_msgs/srv/SetForceTorqueCollisionBehavior.l
Symlinking /home/brl/object_picker/devel/share/roseus/ros/franka_msgs/srv/SetLoad.l
Symlinking /home/brl/object_picker/devel/share/roseus/ros/franka_msgs/srv/SetEEFrame.l
Symlinking /home/brl/object_picker/devel/share/roseus/ros/franka_msgs/msg/ErrorRecoveryFeedback.l
Symlinking /home/brl/object_picker/devel/share/roseus/ros/franka_msgs/msg/ErrorRecoveryAction.l
Symlinking /home/brl/object_picker/devel/share/roseus/ros/franka_msgs/msg/ErrorRecoveryActionFeedback.l
Symlinking /home/brl/object_picker/devel/share/roseus/ros/franka_msgs/msg/ErrorRecoveryActionResult.l
Symlinking /home/brl/object_picker/devel/share/roseus/ros/franka_msgs/msg/Errors.l
Symlinking /home/brl/object_picker/devel/share/roseus/ros/franka_msgs/msg/FrankaState.l
Symlinking /home/brl/object_picker/devel/share/roseus/ros/franka_msgs/msg/ErrorRecoveryResult.l
Symlinking /home/brl/object_picker/devel/share/roseus/ros/franka_msgs/msg/ErrorRecoveryGoal.l
Symlinking /home/brl/object_picker/devel/share/roseus/ros/franka_msgs/msg/ErrorRecoveryActionGoal.l
Symlinking /home/brl/object_picker/devel/share/common-lisp/ros/franka_msgs/srv/_package_SetFullCollisionBehavior.lisp
Symlinking /home/brl/object_picker/devel/share/common-lisp/ros/franka_msgs/srv/SetJointImpedance.lisp
Symlinking /home/brl/object_picker/devel/share/common-lisp/ros/franka_msgs/srv/_package_SetJointImpedance.lisp
Symlinking /home/brl/object_picker/devel/share/common-lisp/ros/franka_msgs/srv/SetEEFrame.lisp
Symlinking /home/brl/object_picker/devel/share/common-lisp/ros/franka_msgs/srv/SetJointConfiguration.lisp
Symlinking /home/brl/object_picker/devel/share/common-lisp/ros/franka_msgs/srv/SetKFrame.lisp
Symlinking /home/brl/object_picker/devel/share/common-lisp/ros/franka_msgs/srv/SetCartesianImpedance.lisp
Symlinking /home/brl/object_picker/devel/share/common-lisp/ros/franka_msgs/srv/_package_SetJointConfiguration.lisp
Symlinking /home/brl/object_picker/devel/share/common-lisp/ros/franka_msgs/srv/SetLoad.lisp
Symlinking /home/brl/object_picker/devel/share/common-lisp/ros/franka_msgs/srv/_package_SetEEFrame.lisp
Symlinking /home/brl/object_picker/devel/share/common-lisp/ros/franka_msgs/srv/franka_msgs-srv.asd
Symlinking /home/brl/object_picker/devel/share/common-lisp/ros/franka_msgs/srv/_package.lisp
Symlinking /home/brl/object_picker/devel/share/common-lisp/ros/franka_msgs/srv/_package_SetLoad.lisp
Symlinking /home/brl/object_picker/devel/share/common-lisp/ros/franka_msgs/srv/_package_SetKFrame.lisp
Symlinking /home/brl/object_picker/devel/share/common-lisp/ros/franka_msgs/srv/SetForceTorqueCollisionBehavior.lisp
Symlinking /home/brl/object_picker/devel/share/common-lisp/ros/franka_msgs/srv/SetFullCollisionBehavior.lisp
Symlinking /home/brl/object_picker/devel/share/common-lisp/ros/franka_msgs/srv/_package_SetForceTorqueCollisionBehavior.lisp
Symlinking /home/brl/object_picker/devel/share/common-lisp/ros/franka_msgs/srv/_package_SetCartesianImpedance.lisp
Symlinking /home/brl/object_picker/devel/share/common-lisp/ros/franka_msgs/msg/_package_FrankaState.lisp
Symlinking /home/brl/object_picker/devel/share/common-lisp/ros/franka_msgs/msg/_package_ErrorRecoveryResult.lisp
Symlinking /home/brl/object_picker/devel/share/common-lisp/ros/franka_msgs/msg/_package_ErrorRecoveryActionResult.lisp
Symlinking /home/brl/object_picker/devel/share/common-lisp/ros/franka_msgs/msg/Errors.lisp
Symlinking /home/brl/object_picker/devel/share/common-lisp/ros/franka_msgs/msg/_package_ErrorRecoveryAction.lisp
Symlinking /home/brl/object_picker/devel/share/common-lisp/ros/franka_msgs/msg/_package_Errors.lisp
Symlinking /home/brl/object_picker/devel/share/common-lisp/ros/franka_msgs/msg/FrankaState.lisp
Symlinking /home/brl/object_picker/devel/share/common-lisp/ros/franka_msgs/msg/_package_ErrorRecoveryFeedback.lisp
Symlinking /home/brl/object_picker/devel/share/common-lisp/ros/franka_msgs/msg/ErrorRecoveryActionFeedback.lisp
Symlinking /home/brl/object_picker/devel/share/common-lisp/ros/franka_msgs/msg/ErrorRecoveryFeedback.lisp
Symlinking /home/brl/object_picker/devel/share/common-lisp/ros/franka_msgs/msg/_package_ErrorRecoveryActionGoal.lisp
Symlinking /home/brl/object_picker/devel/share/common-lisp/ros/franka_msgs/msg/ErrorRecoveryAction.lisp
Symlinking /home/brl/object_picker/devel/share/common-lisp/ros/franka_msgs/msg/ErrorRecoveryResult.lisp
Symlinking /home/brl/object_picker/devel/share/common-lisp/ros/franka_msgs/msg/_package.lisp
Symlinking /home/brl/object_picker/devel/share/common-lisp/ros/franka_msgs/msg/ErrorRecoveryGoal.lisp
Symlinking /home/brl/object_picker/devel/share/common-lisp/ros/franka_msgs/msg/_package_ErrorRecoveryGoal.lisp
Symlinking /home/brl/object_picker/devel/share/common-lisp/ros/franka_msgs/msg/ErrorRecoveryActionGoal.lisp
Symlinking /home/brl/object_picker/devel/share/common-lisp/ros/franka_msgs/msg/ErrorRecoveryActionResult.lisp
Symlinking /home/brl/object_picker/devel/share/common-lisp/ros/franka_msgs/msg/_package_ErrorRecoveryActionFeedback.lisp
Symlinking /home/brl/object_picker/devel/share/common-lisp/ros/franka_msgs/msg/franka_msgs-msg.asd
Symlinking /home/brl/object_picker/devel/lib/python3/dist-packages/franka_msgs/__init__.py
Symlinking /home/brl/object_picker/devel/lib/python3/dist-packages/franka_msgs/srv/_SetLoad.py
Symlinking /home/brl/object_picker/devel/lib/python3/dist-packages/franka_msgs/srv/_SetJointConfiguration.py
Symlinking /home/brl/object_picker/devel/lib/python3/dist-packages/franka_msgs/srv/_SetJointImpedance.py
Symlinking /home/brl/object_picker/devel/lib/python3/dist-packages/franka_msgs/srv/_SetForceTorqueCollisionBehavior.py
Symlinking /home/brl/object_picker/devel/lib/python3/dist-packages/franka_msgs/srv/__init__.py
Symlinking /home/brl/object_picker/devel/lib/python3/dist-packages/franka_msgs/srv/_SetKFrame.py
Symlinking /home/brl/object_picker/devel/lib/python3/dist-packages/franka_msgs/srv/_SetFullCollisionBehavior.py
Symlinking /home/brl/object_picker/devel/lib/python3/dist-packages/franka_msgs/srv/_SetEEFrame.py
Symlinking /home/brl/object_picker/devel/lib/python3/dist-packages/franka_msgs/srv/_SetCartesianImpedance.py
Symlinking /home/brl/object_picker/devel/lib/python3/dist-packages/franka_msgs/msg/_FrankaState.py
Symlinking /home/brl/object_picker/devel/lib/python3/dist-packages/franka_msgs/msg/_ErrorRecoveryAction.py
Symlinking /home/brl/object_picker/devel/lib/python3/dist-packages/franka_msgs/msg/_Errors.py
Symlinking /home/brl/object_picker/devel/lib/python3/dist-packages/franka_msgs/msg/_ErrorRecoveryActionFeedback.py
Symlinking /home/brl/object_picker/devel/lib/python3/dist-packages/franka_msgs/msg/_ErrorRecoveryFeedback.py
Symlinking /home/brl/object_picker/devel/lib/python3/dist-packages/franka_msgs/msg/_ErrorRecoveryActionGoal.py
Symlinking /home/brl/object_picker/devel/lib/python3/dist-packages/franka_msgs/msg/_ErrorRecoveryGoal.py
Symlinking /home/brl/object_picker/devel/lib/python3/dist-packages/franka_msgs/msg/_ErrorRecoveryResult.py
Symlinking /home/brl/object_picker/devel/lib/python3/dist-packages/franka_msgs/msg/__init__.py
Symlinking /home/brl/object_picker/devel/lib/python3/dist-packages/franka_msgs/msg/_ErrorRecoveryActionResult.py
Symlinking /home/brl/object_picker/devel/lib/pkgconfig/franka_msgs.pc
Symlinking /home/brl/object_picker/devel/include/franka_msgs/SetEEFrame.h
Symlinking /home/brl/object_picker/devel/include/franka_msgs/ErrorRecoveryAction.h
Symlinking /home/brl/object_picker/devel/include/franka_msgs/SetFullCollisionBehaviorResponse.h
Symlinking /home/brl/object_picker/devel/include/franka_msgs/SetCartesianImpedanceResponse.h
Symlinking /home/brl/object_picker/devel/include/franka_msgs/SetLoad.h
Symlinking /home/brl/object_picker/devel/include/franka_msgs/SetLoadResponse.h
Symlinking /home/brl/object_picker/devel/include/franka_msgs/SetLoadRequest.h
Symlinking /home/brl/object_picker/devel/include/franka_msgs/SetForceTorqueCollisionBehaviorResponse.h
Symlinking /home/brl/object_picker/devel/include/franka_msgs/ErrorRecoveryFeedback.h
Symlinking /home/brl/object_picker/devel/include/franka_msgs/Errors.h
Symlinking /home/brl/object_picker/devel/include/franka_msgs/FrankaState.h
Symlinking /home/brl/object_picker/devel/include/franka_msgs/SetCartesianImpedanceRequest.h
Symlinking /home/brl/object_picker/devel/include/franka_msgs/ErrorRecoveryGoal.h
Symlinking /home/brl/object_picker/devel/include/franka_msgs/SetJointImpedanceResponse.h
Symlinking /home/brl/object_picker/devel/include/franka_msgs/SetFullCollisionBehaviorRequest.h
Symlinking /home/brl/object_picker/devel/include/franka_msgs/SetKFrameRequest.h
Symlinking /home/brl/object_picker/devel/include/franka_msgs/SetEEFrameResponse.h
Symlinking /home/brl/object_picker/devel/include/franka_msgs/ErrorRecoveryResult.h
Symlinking /home/brl/object_picker/devel/include/franka_msgs/SetForceTorqueCollisionBehaviorRequest.h
Symlinking /home/brl/object_picker/devel/include/franka_msgs/SetJointConfigurationRequest.h
Symlinking /home/brl/object_picker/devel/include/franka_msgs/SetJointConfigurationResponse.h
Symlinking /home/brl/object_picker/devel/include/franka_msgs/SetEEFrameRequest.h
Symlinking /home/brl/object_picker/devel/include/franka_msgs/SetJointConfiguration.h
Symlinking /home/brl/object_picker/devel/include/franka_msgs/SetCartesianImpedance.h
Symlinking /home/brl/object_picker/devel/include/franka_msgs/SetFullCollisionBehavior.h
Symlinking /home/brl/object_picker/devel/include/franka_msgs/SetKFrameResponse.h
Symlinking /home/brl/object_picker/devel/include/franka_msgs/ErrorRecoveryActionResult.h
Symlinking /home/brl/object_picker/devel/include/franka_msgs/SetJointImpedanceRequest.h
Symlinking /home/brl/object_picker/devel/include/franka_msgs/SetKFrame.h
Symlinking /home/brl/object_picker/devel/include/franka_msgs/ErrorRecoveryActionGoal.h
Symlinking /home/brl/object_picker/devel/include/franka_msgs/ErrorRecoveryActionFeedback.h
Symlinking /home/brl/object_picker/devel/include/franka_msgs/SetForceTorqueCollisionBehavior.h
Symlinking /home/brl/object_picker/devel/include/franka_msgs/SetJointImpedance.h
